{"/home/travis/build/npmtest/node-npmtest-sequelize-cli/test.js":{"path":"/home/travis/build/npmtest/node-npmtest-sequelize-cli/test.js","s":{"1":2,"2":2,"3":2,"4":2,"5":2,"6":2,"7":2,"8":1,"9":2,"10":2,"11":1,"12":1,"13":1,"14":1,"15":2,"16":2,"17":2,"18":2,"19":1,"20":1,"21":2,"22":2,"23":2,"24":1,"25":1,"26":1,"27":1,"28":1,"29":1,"30":1,"31":1,"32":1,"33":1,"34":1,"35":1,"36":1,"37":1,"38":1,"39":2,"40":2,"41":1,"42":2,"43":2,"44":1,"45":2,"46":2,"47":1,"48":2,"49":2,"50":1,"51":1,"52":1,"53":1,"54":1},"b":{"1":[2,1,1,1],"2":[1,1,1,1],"3":[1,1],"4":[1,1],"5":[1,1],"6":[1,1],"7":[1,1],"8":[1,1],"9":[1,1],"10":[1,1,1],"11":[1,1],"12":[1,1],"13":[1,1],"14":[1,1],"15":[1,1],"16":[1,1],"17":[1,1]},"f":{"1":2,"2":2,"3":2,"4":2,"5":2,"6":1,"7":1,"8":1,"9":2,"10":2,"11":2,"12":2,"13":1},"fnMap":{"1":{"name":"(anonymous_1)","line":12,"loc":{"start":{"line":12,"column":1},"end":{"line":12,"column":13}}},"2":{"name":"(anonymous_2)","line":19,"loc":{"start":{"line":19,"column":5},"end":{"line":19,"column":17}}},"3":{"name":"(anonymous_3)","line":23,"loc":{"start":{"line":23,"column":24},"end":{"line":23,"column":36}}},"4":{"name":"(anonymous_4)","line":61,"loc":{"start":{"line":61,"column":5},"end":{"line":61,"column":17}}},"5":{"name":"(anonymous_5)","line":82,"loc":{"start":{"line":82,"column":5},"end":{"line":82,"column":17}}},"6":{"name":"(anonymous_6)","line":91,"loc":{"start":{"line":91,"column":77},"end":{"line":94,"column":10}}},"7":{"name":"(anonymous_7)","line":112,"loc":{"start":{"line":112,"column":83},"end":{"line":115,"column":10}},"skip":true},"8":{"name":"(anonymous_8)","line":123,"loc":{"start":{"line":123,"column":77},"end":{"line":126,"column":10}},"skip":true},"9":{"name":"(anonymous_9)","line":139,"loc":{"start":{"line":139,"column":12},"end":{"line":139,"column":40}},"skip":true},"10":{"name":"(anonymous_10)","line":147,"loc":{"start":{"line":147,"column":77},"end":{"line":150,"column":10}},"skip":true},"11":{"name":"(anonymous_11)","line":158,"loc":{"start":{"line":158,"column":83},"end":{"line":161,"column":10}},"skip":true},"12":{"name":"(anonymous_12)","line":169,"loc":{"start":{"line":169,"column":79},"end":{"line":172,"column":10}},"skip":true},"13":{"name":"(anonymous_13)","line":180,"loc":{"start":{"line":180,"column":75},"end":{"line":183,"column":10}},"skip":true}},"statementMap":{"1":{"start":{"line":12,"column":0},"end":{"line":195,"column":5}},"2":{"start":{"line":14,"column":4},"end":{"line":14,"column":14}},"3":{"start":{"line":19,"column":4},"end":{"line":56,"column":9}},"4":{"start":{"line":21,"column":8},"end":{"line":21,"column":19}},"5":{"start":{"line":23,"column":8},"end":{"line":35,"column":13}},"6":{"start":{"line":24,"column":12},"end":{"line":34,"column":13}},"7":{"start":{"line":25,"column":16},"end":{"line":28,"column":30}},"8":{"start":{"line":30,"column":16},"end":{"line":33,"column":27}},"9":{"start":{"line":37,"column":8},"end":{"line":39,"column":21}},"10":{"start":{"line":40,"column":8},"end":{"line":53,"column":9}},"11":{"start":{"line":43,"column":12},"end":{"line":46,"column":14}},"12":{"start":{"line":47,"column":12},"end":{"line":47,"column":18}},"13":{"start":{"line":50,"column":12},"end":{"line":51,"column":33}},"14":{"start":{"line":52,"column":12},"end":{"line":52,"column":18}},"15":{"start":{"line":55,"column":8},"end":{"line":55,"column":35}},"16":{"start":{"line":61,"column":4},"end":{"line":63,"column":9}},"17":{"start":{"line":62,"column":8},"end":{"line":62,"column":15}},"18":{"start":{"line":64,"column":4},"end":{"line":77,"column":5}},"19":{"start":{"line":70,"column":8},"end":{"line":70,"column":14}},"20":{"start":{"line":76,"column":8},"end":{"line":76,"column":14}},"21":{"start":{"line":82,"column":4},"end":{"line":84,"column":9}},"22":{"start":{"line":83,"column":8},"end":{"line":83,"column":15}},"23":{"start":{"line":85,"column":4},"end":{"line":194,"column":5}},"24":{"start":{"line":91,"column":8},"end":{"line":99,"column":10}},"25":{"start":{"line":98,"column":12},"end":{"line":98,"column":35}},"26":{"start":{"line":102,"column":8},"end":{"line":104,"column":63}},"27":{"start":{"line":105,"column":8},"end":{"line":105,"column":14}},"28":{"start":{"line":112,"column":8},"end":{"line":121,"column":10},"skip":true},"29":{"start":{"line":119,"column":12},"end":{"line":119,"column":55},"skip":true},"30":{"start":{"line":120,"column":12},"end":{"line":120,"column":48},"skip":true},"31":{"start":{"line":123,"column":8},"end":{"line":136,"column":10},"skip":true},"32":{"start":{"line":130,"column":12},"end":{"line":130,"column":76},"skip":true},"33":{"start":{"line":131,"column":12},"end":{"line":131,"column":73},"skip":true},"34":{"start":{"line":132,"column":12},"end":{"line":132,"column":74},"skip":true},"35":{"start":{"line":133,"column":12},"end":{"line":133,"column":79},"skip":true},"36":{"start":{"line":134,"column":12},"end":{"line":134,"column":25},"skip":true},"37":{"start":{"line":135,"column":12},"end":{"line":135,"column":45},"skip":true},"38":{"start":{"line":138,"column":8},"end":{"line":145,"column":14},"skip":true},"39":{"start":{"line":143,"column":16},"end":{"line":143,"column":29},"skip":true},"40":{"start":{"line":144,"column":16},"end":{"line":144,"column":55},"skip":true},"41":{"start":{"line":147,"column":8},"end":{"line":156,"column":10},"skip":true},"42":{"start":{"line":154,"column":12},"end":{"line":154,"column":25},"skip":true},"43":{"start":{"line":155,"column":12},"end":{"line":155,"column":45},"skip":true},"44":{"start":{"line":158,"column":8},"end":{"line":167,"column":10},"skip":true},"45":{"start":{"line":165,"column":12},"end":{"line":165,"column":25},"skip":true},"46":{"start":{"line":166,"column":12},"end":{"line":166,"column":48},"skip":true},"47":{"start":{"line":169,"column":8},"end":{"line":178,"column":10},"skip":true},"48":{"start":{"line":176,"column":12},"end":{"line":176,"column":25},"skip":true},"49":{"start":{"line":177,"column":12},"end":{"line":177,"column":46},"skip":true},"50":{"start":{"line":180,"column":8},"end":{"line":189,"column":10},"skip":true},"51":{"start":{"line":187,"column":12},"end":{"line":187,"column":94},"skip":true},"52":{"start":{"line":188,"column":12},"end":{"line":188,"column":48},"skip":true},"53":{"start":{"line":192,"column":8},"end":{"line":192,"column":35},"skip":true},"54":{"start":{"line":193,"column":8},"end":{"line":193,"column":14},"skip":true}},"branchMap":{"1":{"line":25,"type":"binary-expr","locations":[{"start":{"line":25,"column":23},"end":{"line":25,"column":62}},{"start":{"line":26,"column":20},"end":{"line":26,"column":70}},{"start":{"line":27,"column":20},"end":{"line":27,"column":71}},{"start":{"line":28,"column":20},"end":{"line":28,"column":29}}]},"2":{"line":30,"type":"binary-expr","locations":[{"start":{"line":30,"column":23},"end":{"line":30,"column":37}},{"start":{"line":31,"column":20},"end":{"line":31,"column":61}},{"start":{"line":32,"column":20},"end":{"line":32,"column":70}},{"start":{"line":33,"column":20},"end":{"line":33,"column":26}}]},"3":{"line":37,"type":"cond-expr","locations":[{"start":{"line":38,"column":14},"end":{"line":38,"column":20}},{"start":{"line":39,"column":14},"end":{"line":39,"column":20}}]},"4":{"line":40,"type":"switch","locations":[{"start":{"line":42,"column":8},"end":{"line":47,"column":18}},{"start":{"line":49,"column":8},"end":{"line":52,"column":18}}]},"5":{"line":44,"type":"binary-expr","locations":[{"start":{"line":44,"column":16},"end":{"line":44,"column":44}},{"start":{"line":44,"column":48},"end":{"line":44,"column":66}}]},"6":{"line":50,"type":"binary-expr","locations":[{"start":{"line":50,"column":21},"end":{"line":50,"column":49}},{"start":{"line":50,"column":53},"end":{"line":50,"column":72}}]},"7":{"line":64,"type":"switch","locations":[{"start":{"line":69,"column":4},"end":{"line":70,"column":14}},{"start":{"line":75,"column":4},"end":{"line":76,"column":14}}]},"8":{"line":85,"type":"switch","locations":[{"start":{"line":90,"column":4},"end":{"line":105,"column":14}},{"start":{"line":111,"column":4},"end":{"line":193,"column":14},"skip":true}]},"9":{"line":91,"type":"binary-expr","locations":[{"start":{"line":91,"column":42},"end":{"line":91,"column":73}},{"start":{"line":91,"column":77},"end":{"line":99,"column":9}}]},"10":{"line":102,"type":"binary-expr","locations":[{"start":{"line":102,"column":18},"end":{"line":102,"column":32}},{"start":{"line":103,"column":12},"end":{"line":103,"column":53}},{"start":{"line":104,"column":12},"end":{"line":104,"column":61}}]},"11":{"line":112,"type":"binary-expr","locations":[{"start":{"line":112,"column":45},"end":{"line":112,"column":79},"skip":true},{"start":{"line":112,"column":83},"end":{"line":121,"column":9},"skip":true}]},"12":{"line":123,"type":"binary-expr","locations":[{"start":{"line":123,"column":42},"end":{"line":123,"column":73},"skip":true},{"start":{"line":123,"column":77},"end":{"line":136,"column":9},"skip":true}]},"13":{"line":138,"type":"binary-expr","locations":[{"start":{"line":138,"column":48},"end":{"line":138,"column":85},"skip":true},{"start":{"line":139,"column":12},"end":{"line":145,"column":13},"skip":true}]},"14":{"line":147,"type":"binary-expr","locations":[{"start":{"line":147,"column":42},"end":{"line":147,"column":73},"skip":true},{"start":{"line":147,"column":77},"end":{"line":156,"column":9},"skip":true}]},"15":{"line":158,"type":"binary-expr","locations":[{"start":{"line":158,"column":45},"end":{"line":158,"column":79},"skip":true},{"start":{"line":158,"column":83},"end":{"line":167,"column":9},"skip":true}]},"16":{"line":169,"type":"binary-expr","locations":[{"start":{"line":169,"column":43},"end":{"line":169,"column":75},"skip":true},{"start":{"line":169,"column":79},"end":{"line":178,"column":9},"skip":true}]},"17":{"line":180,"type":"binary-expr","locations":[{"start":{"line":180,"column":41},"end":{"line":180,"column":71},"skip":true},{"start":{"line":180,"column":75},"end":{"line":189,"column":9},"skip":true}]}},"code":["/* istanbul instrument in package npmtest_sequelize_cli */","/*jslint","    bitwise: true,","    browser: true,","    maxerr: 8,","    maxlen: 96,","    node: true,","    nomen: true,","    regexp: true,","    stupid: true","*/","(function () {","    'use strict';","    var local;","","","","    // run shared js-env code - init-before","    (function () {","        // init local","        local = {};","        // init modeJs","        local.modeJs = (function () {","            try {","                return typeof navigator.userAgent === 'string' &&","                    typeof document.querySelector('body') === 'object' &&","                    typeof XMLHttpRequest.prototype.open === 'function' &&","                    'browser';","            } catch (errorCaughtBrowser) {","                return module.exports &&","                    typeof process.versions.node === 'string' &&","                    typeof require('http').createServer === 'function' &&","                    'node';","            }","        }());","        // init global","        local.global = local.modeJs === 'browser'","            ? window","            : global;","        switch (local.modeJs) {","        // re-init local from window.local","        case 'browser':","            local = local.global.utility2.objectSetDefault(","                local.global.utility2_rollup || local.global.local,","                local.global.utility2","            );","            break;","        // re-init local from example.js","        case 'node':","            local = (local.global.utility2_rollup || require('utility2'))","                .requireReadme();","            break;","        }","        // export local","        local.global.local = local;","    }());","","","","    // run shared js-env code - function","    (function () {","        return;","    }());","    switch (local.modeJs) {","","","","    // run browser js-env code - function","    case 'browser':","        break;","","","","    // run node js-env code - function","    case 'node':","        break;","    }","","","","    // run shared js-env code - init-after","    (function () {","        return;","    }());","    switch (local.modeJs) {","","","","    // run browser js-env code - init-after","    case 'browser':","        local.testCase_browser_nullCase = local.testCase_browser_nullCase || function (","            options,","            onError","        ) {","        /*","         * this function will test browsers's null-case handling-behavior-behavior","         */","            onError(null, options);","        };","","        // run tests","        local.nop(local.modeTest &&","            document.querySelector('#testRunButton1') &&","            document.querySelector('#testRunButton1').click());","        break;","","","","    // run node js-env code - init-after","    /* istanbul ignore next */","    case 'node':","        local.testCase_buildApidoc_default = local.testCase_buildApidoc_default || function (","            options,","            onError","        ) {","        /*","         * this function will test buildApidoc's default handling-behavior-behavior","         */","            options = { modulePathList: module.paths };","            local.buildApidoc(options, onError);","        };","","        local.testCase_buildApp_default = local.testCase_buildApp_default || function (","            options,","            onError","        ) {","        /*","         * this function will test buildApp's default handling-behavior-behavior","         */","            local.testCase_buildReadme_default(options, local.onErrorThrow);","            local.testCase_buildLib_default(options, local.onErrorThrow);","            local.testCase_buildTest_default(options, local.onErrorThrow);","            local.testCase_buildCustomOrg_default(options, local.onErrorThrow);","            options = [];","            local.buildApp(options, onError);","        };","","        local.testCase_buildCustomOrg_default = local.testCase_buildCustomOrg_default ||","            function (options, onError) {","            /*","             * this function will test buildCustomOrg's default handling-behavior","             */","                options = {};","                local.buildCustomOrg(options, onError);","            };","","        local.testCase_buildLib_default = local.testCase_buildLib_default || function (","            options,","            onError","        ) {","        /*","         * this function will test buildLib's default handling-behavior","         */","            options = {};","            local.buildLib(options, onError);","        };","","        local.testCase_buildReadme_default = local.testCase_buildReadme_default || function (","            options,","            onError","        ) {","        /*","         * this function will test buildReadme's default handling-behavior-behavior","         */","            options = {};","            local.buildReadme(options, onError);","        };","","        local.testCase_buildTest_default = local.testCase_buildTest_default || function (","            options,","            onError","        ) {","        /*","         * this function will test buildTest's default handling-behavior","         */","            options = {};","            local.buildTest(options, onError);","        };","","        local.testCase_webpage_default = local.testCase_webpage_default || function (","            options,","            onError","        ) {","        /*","         * this function will test webpage's default handling-behavior","         */","            options = { modeCoverageMerge: true, url: local.serverLocalHost + '?modeTest=1' };","            local.browserTest(options, onError);","        };","","        // run test-server","        local.testRunServer(local);","        break;","    }","}());",""],"l":{"12":2,"14":2,"19":2,"21":2,"23":2,"24":2,"25":2,"30":1,"37":2,"40":2,"43":1,"47":1,"50":1,"52":1,"55":2,"61":2,"62":2,"64":2,"70":1,"76":1,"82":2,"83":2,"85":2,"91":1,"98":1,"102":1,"105":1,"112":1,"119":1,"120":1,"123":1,"130":1,"131":1,"132":1,"133":1,"134":1,"135":1,"138":1,"143":2,"144":2,"147":1,"154":2,"155":2,"158":1,"165":2,"166":2,"169":1,"176":2,"177":2,"180":1,"187":1,"188":1,"192":1,"193":1}},"/home/travis/build/npmtest/node-npmtest-sequelize-cli/lib.npmtest_sequelize_cli.js":{"path":"/home/travis/build/npmtest/node-npmtest-sequelize-cli/lib.npmtest_sequelize_cli.js","s":{"1":2,"2":2,"3":2,"4":2,"5":2,"6":2,"7":2,"8":1,"9":2,"10":2,"11":2,"12":2,"13":1,"14":1,"15":1,"16":1},"b":{"1":[2,1,1,1],"2":[1,1,1,1],"3":[1,1],"4":[2,2],"5":[1,1]},"f":{"1":2,"2":2,"3":2},"fnMap":{"1":{"name":"(anonymous_1)","line":12,"loc":{"start":{"line":12,"column":1},"end":{"line":12,"column":13}}},"2":{"name":"(anonymous_2)","line":19,"loc":{"start":{"line":19,"column":5},"end":{"line":19,"column":17}}},"3":{"name":"(anonymous_3)","line":23,"loc":{"start":{"line":23,"column":24},"end":{"line":23,"column":36}}}},"statementMap":{"1":{"start":{"line":12,"column":0},"end":{"line":53,"column":5}},"2":{"start":{"line":14,"column":4},"end":{"line":14,"column":14}},"3":{"start":{"line":19,"column":4},"end":{"line":52,"column":9}},"4":{"start":{"line":21,"column":8},"end":{"line":21,"column":19}},"5":{"start":{"line":23,"column":8},"end":{"line":35,"column":13}},"6":{"start":{"line":24,"column":12},"end":{"line":34,"column":13}},"7":{"start":{"line":25,"column":16},"end":{"line":28,"column":30}},"8":{"start":{"line":30,"column":16},"end":{"line":33,"column":27}},"9":{"start":{"line":37,"column":8},"end":{"line":39,"column":21}},"10":{"start":{"line":41,"column":8},"end":{"line":41,"column":54}},"11":{"start":{"line":43,"column":8},"end":{"line":43,"column":58}},"12":{"start":{"line":45,"column":8},"end":{"line":51,"column":9}},"13":{"start":{"line":46,"column":12},"end":{"line":46,"column":64}},"14":{"start":{"line":48,"column":12},"end":{"line":48,"column":35}},"15":{"start":{"line":49,"column":12},"end":{"line":49,"column":49}},"16":{"start":{"line":50,"column":12},"end":{"line":50,"column":43}}},"branchMap":{"1":{"line":25,"type":"binary-expr","locations":[{"start":{"line":25,"column":23},"end":{"line":25,"column":62}},{"start":{"line":26,"column":20},"end":{"line":26,"column":70}},{"start":{"line":27,"column":20},"end":{"line":27,"column":71}},{"start":{"line":28,"column":20},"end":{"line":28,"column":29}}]},"2":{"line":30,"type":"binary-expr","locations":[{"start":{"line":30,"column":23},"end":{"line":30,"column":37}},{"start":{"line":31,"column":20},"end":{"line":31,"column":61}},{"start":{"line":32,"column":20},"end":{"line":32,"column":70}},{"start":{"line":33,"column":20},"end":{"line":33,"column":26}}]},"3":{"line":37,"type":"cond-expr","locations":[{"start":{"line":38,"column":14},"end":{"line":38,"column":20}},{"start":{"line":39,"column":14},"end":{"line":39,"column":20}}]},"4":{"line":41,"type":"binary-expr","locations":[{"start":{"line":41,"column":16},"end":{"line":41,"column":44}},{"start":{"line":41,"column":48},"end":{"line":41,"column":53}}]},"5":{"line":45,"type":"if","locations":[{"start":{"line":45,"column":8},"end":{"line":45,"column":8}},{"start":{"line":45,"column":8},"end":{"line":45,"column":8}}]}},"code":["/* istanbul instrument in package npmtest_sequelize_cli */","/*jslint","    bitwise: true,","    browser: true,","    maxerr: 8,","    maxlen: 96,","    node: true,","    nomen: true,","    regexp: true,","    stupid: true","*/","(function () {","    'use strict';","    var local;","","","","    // run shared js-env code - init-before","    (function () {","        // init local","        local = {};","        // init modeJs","        local.modeJs = (function () {","            try {","                return typeof navigator.userAgent === 'string' &&","                    typeof document.querySelector('body') === 'object' &&","                    typeof XMLHttpRequest.prototype.open === 'function' &&","                    'browser';","            } catch (errorCaughtBrowser) {","                return module.exports &&","                    typeof process.versions.node === 'string' &&","                    typeof require('http').createServer === 'function' &&","                    'node';","            }","        }());","        // init global","        local.global = local.modeJs === 'browser'","            ? window","            : global;","        // init utility2_rollup","        local = local.global.utility2_rollup || local;","        // init lib","        local.local = local.npmtest_sequelize_cli = local;","        // init exports","        if (local.modeJs === 'browser') {","            local.global.utility2_npmtest_sequelize_cli = local;","        } else {","            module.exports = local;","            module.exports.__dirname = __dirname;","            module.exports.module = module;","        }","    }());","}());",""],"l":{"12":2,"14":2,"19":2,"21":2,"23":2,"24":2,"25":2,"30":1,"37":2,"41":2,"43":2,"45":2,"46":1,"48":1,"49":1,"50":1}},"/home/travis/build/npmtest/node-npmtest-sequelize-cli/example.js":{"path":"/home/travis/build/npmtest/node-npmtest-sequelize-cli/example.js","s":{"1":2,"2":2,"3":2,"4":2,"5":2,"6":2,"7":2,"8":1,"9":2,"10":2,"11":2,"12":2,"13":1,"14":2,"15":2,"16":2,"17":2,"18":2,"19":0,"20":2,"21":1,"22":1,"23":1,"24":1,"25":1,"26":0,"27":0,"28":1,"29":1,"30":2,"31":0,"32":0,"33":0,"34":1,"35":2,"36":2,"37":3,"38":3,"39":3,"40":3,"41":0,"42":3,"43":3,"44":3,"45":1,"46":3,"47":1,"48":1,"49":1,"50":1,"51":1,"52":1,"53":1,"54":1,"55":1,"56":1,"57":0,"58":1,"59":6,"60":6,"61":1,"62":2,"63":0,"64":2,"65":1,"66":1,"67":0,"68":0,"69":0,"70":0,"71":0,"72":0,"73":0,"74":0,"75":0,"76":0,"77":0,"78":0,"79":0,"80":0,"81":0,"82":0,"83":0},"b":{"1":[2,1,1,1],"2":[1,1,1,1],"3":[1,1],"4":[2,2],"5":[1,1],"6":[1,1],"7":[2,0],"8":[2,1,1,1,1,1],"9":[0,2,0],"10":[1,1],"11":[2,1,1],"12":[1,0],"13":[0,2],"14":[2,0,0,0,0,0,0],"15":[0,3],"16":[3,0],"17":[1,1],"18":[0,1],"19":[1,2,0,2],"20":[1,0],"21":[1,1],"22":[0,0],"23":[0,0],"24":[0,0],"25":[0,0],"26":[0,0],"27":[0,0],"28":[0,0]},"f":{"1":2,"2":2,"3":2,"4":2,"5":2,"6":2,"7":3,"8":3,"9":3,"10":1,"11":6,"12":0},"fnMap":{"1":{"name":"(anonymous_1)","line":26,"loc":{"start":{"line":26,"column":1},"end":{"line":26,"column":13}}},"2":{"name":"(anonymous_2)","line":33,"loc":{"start":{"line":33,"column":5},"end":{"line":33,"column":17}}},"3":{"name":"(anonymous_3)","line":37,"loc":{"start":{"line":37,"column":24},"end":{"line":37,"column":36}}},"4":{"name":"(anonymous_4)","line":69,"loc":{"start":{"line":69,"column":31},"end":{"line":69,"column":48}},"skip":true},"5":{"name":"(anonymous_5)","line":78,"loc":{"start":{"line":78,"column":26},"end":{"line":78,"column":45}},"skip":true},"6":{"name":"(anonymous_6)","line":123,"loc":{"start":{"line":123,"column":33},"end":{"line":123,"column":48}},"skip":true},"7":{"name":"(anonymous_7)","line":125,"loc":{"start":{"line":125,"column":27},"end":{"line":125,"column":39}},"skip":true},"8":{"name":"(anonymous_8)","line":133,"loc":{"start":{"line":133,"column":59},"end":{"line":133,"column":74}},"skip":true},"9":{"name":"(anonymous_9)","line":143,"loc":{"start":{"line":143,"column":45},"end":{"line":143,"column":62}},"skip":true},"10":{"name":"(anonymous_10)","line":144,"loc":{"start":{"line":144,"column":73},"end":{"line":144,"column":92}},"skip":true},"11":{"name":"(anonymous_11)","line":272,"loc":{"start":{"line":272,"column":51},"end":{"line":272,"column":77}},"skip":true},"12":{"name":"(anonymous_12)","line":315,"loc":{"start":{"line":315,"column":32},"end":{"line":315,"column":61}},"skip":true}},"statementMap":{"1":{"start":{"line":26,"column":0},"end":{"line":326,"column":5}},"2":{"start":{"line":28,"column":4},"end":{"line":28,"column":14}},"3":{"start":{"line":33,"column":4},"end":{"line":60,"column":9}},"4":{"start":{"line":35,"column":8},"end":{"line":35,"column":19}},"5":{"start":{"line":37,"column":8},"end":{"line":49,"column":13}},"6":{"start":{"line":38,"column":12},"end":{"line":48,"column":13}},"7":{"start":{"line":39,"column":16},"end":{"line":42,"column":30}},"8":{"start":{"line":44,"column":16},"end":{"line":47,"column":27}},"9":{"start":{"line":51,"column":8},"end":{"line":53,"column":21}},"10":{"start":{"line":55,"column":8},"end":{"line":57,"column":45}},"11":{"start":{"line":59,"column":8},"end":{"line":59,"column":35}},"12":{"start":{"line":61,"column":4},"end":{"line":325,"column":5}},"13":{"start":{"line":69,"column":8},"end":{"line":121,"column":10},"skip":true},"14":{"start":{"line":70,"column":12},"end":{"line":88,"column":13},"skip":true},"15":{"start":{"line":76,"column":16},"end":{"line":87,"column":19},"skip":true},"16":{"start":{"line":79,"column":20},"end":{"line":86,"column":21},"skip":true},"17":{"start":{"line":82,"column":24},"end":{"line":82,"column":43},"skip":true},"18":{"start":{"line":83,"column":24},"end":{"line":83,"column":30},"skip":true},"19":{"start":{"line":85,"column":24},"end":{"line":85,"column":49},"skip":true},"20":{"start":{"line":89,"column":12},"end":{"line":107,"column":13},"skip":true},"21":{"start":{"line":92,"column":16},"end":{"line":102,"column":17},"skip":true},"22":{"start":{"line":93,"column":20},"end":{"line":93,"column":86},"skip":true},"23":{"start":{"line":94,"column":20},"end":{"line":95,"column":45},"skip":true},"24":{"start":{"line":96,"column":20},"end":{"line":96,"column":42},"skip":true},"25":{"start":{"line":97,"column":20},"end":{"line":97,"column":48},"skip":true},"26":{"start":{"line":100,"column":20},"end":{"line":100,"column":85},"skip":true},"27":{"start":{"line":101,"column":20},"end":{"line":101,"column":96},"skip":true},"28":{"start":{"line":103,"column":16},"end":{"line":103,"column":22},"skip":true},"29":{"start":{"line":106,"column":16},"end":{"line":106,"column":22},"skip":true},"30":{"start":{"line":108,"column":12},"end":{"line":120,"column":13},"skip":true},"31":{"start":{"line":114,"column":16},"end":{"line":119,"column":17},"skip":true},"32":{"start":{"line":116,"column":20},"end":{"line":116,"column":78},"skip":true},"33":{"start":{"line":118,"column":20},"end":{"line":118,"column":47},"skip":true},"34":{"start":{"line":123,"column":8},"end":{"line":141,"column":11},"skip":true},"35":{"start":{"line":124,"column":12},"end":{"line":124,"column":54},"skip":true},"36":{"start":{"line":125,"column":12},"end":{"line":140,"column":14},"skip":true},"37":{"start":{"line":126,"column":16},"end":{"line":126,"column":28},"skip":true},"38":{"start":{"line":127,"column":16},"end":{"line":127,"column":69},"skip":true},"39":{"start":{"line":128,"column":16},"end":{"line":128,"column":75},"skip":true},"40":{"start":{"line":129,"column":16},"end":{"line":131,"column":17},"skip":true},"41":{"start":{"line":130,"column":20},"end":{"line":130,"column":27},"skip":true},"42":{"start":{"line":133,"column":16},"end":{"line":137,"column":36},"skip":true},"43":{"start":{"line":134,"column":20},"end":{"line":136,"column":55},"skip":true},"44":{"start":{"line":139,"column":16},"end":{"line":139,"column":57},"skip":true},"45":{"start":{"line":143,"column":8},"end":{"line":147,"column":11},"skip":true},"46":{"start":{"line":144,"column":12},"end":{"line":146,"column":15},"skip":true},"47":{"start":{"line":145,"column":16},"end":{"line":145,"column":70},"skip":true},"48":{"start":{"line":149,"column":8},"end":{"line":149,"column":31},"skip":true},"49":{"start":{"line":150,"column":8},"end":{"line":150,"column":14},"skip":true},"50":{"start":{"line":158,"column":8},"end":{"line":158,"column":31},"skip":true},"51":{"start":{"line":160,"column":8},"end":{"line":160,"column":33},"skip":true},"52":{"start":{"line":161,"column":8},"end":{"line":161,"column":37},"skip":true},"53":{"start":{"line":162,"column":8},"end":{"line":162,"column":35},"skip":true},"54":{"start":{"line":164,"column":8},"end":{"line":164,"column":50},"skip":true},"55":{"start":{"line":166,"column":8},"end":{"line":256,"column":2},"skip":true},"56":{"start":{"line":258,"column":8},"end":{"line":286,"column":9},"skip":true},"57":{"start":{"line":259,"column":12},"end":{"line":269,"column":14},"skip":true},"58":{"start":{"line":271,"column":12},"end":{"line":285,"column":19},"skip":true},"59":{"start":{"line":274,"column":20},"end":{"line":274,"column":35},"skip":true},"60":{"start":{"line":275,"column":20},"end":{"line":284,"column":21},"skip":true},"61":{"start":{"line":277,"column":24},"end":{"line":277,"column":64},"skip":true},"62":{"start":{"line":279,"column":24},"end":{"line":279,"column":40},"skip":true},"63":{"start":{"line":281,"column":24},"end":{"line":281,"column":40},"skip":true},"64":{"start":{"line":283,"column":24},"end":{"line":283,"column":39},"skip":true},"65":{"start":{"line":288,"column":8},"end":{"line":290,"column":9},"skip":true},"66":{"start":{"line":289,"column":12},"end":{"line":289,"column":18},"skip":true},"67":{"start":{"line":291,"column":8},"end":{"line":293,"column":54},"skip":true},"68":{"start":{"line":296,"column":8},"end":{"line":301,"column":37},"skip":true},"69":{"start":{"line":303,"column":8},"end":{"line":303,"column":82},"skip":true},"70":{"start":{"line":306,"column":8},"end":{"line":308,"column":9},"skip":true},"71":{"start":{"line":307,"column":12},"end":{"line":307,"column":82},"skip":true},"72":{"start":{"line":310,"column":8},"end":{"line":312,"column":9},"skip":true},"73":{"start":{"line":311,"column":12},"end":{"line":311,"column":18},"skip":true},"74":{"start":{"line":313,"column":8},"end":{"line":313,"column":54},"skip":true},"75":{"start":{"line":314,"column":8},"end":{"line":314,"column":69},"skip":true},"76":{"start":{"line":315,"column":8},"end":{"line":323,"column":36},"skip":true},"77":{"start":{"line":316,"column":12},"end":{"line":316,"column":61},"skip":true},"78":{"start":{"line":317,"column":12},"end":{"line":320,"column":13},"skip":true},"79":{"start":{"line":318,"column":16},"end":{"line":318,"column":75},"skip":true},"80":{"start":{"line":319,"column":16},"end":{"line":319,"column":23},"skip":true},"81":{"start":{"line":321,"column":12},"end":{"line":321,"column":38},"skip":true},"82":{"start":{"line":322,"column":12},"end":{"line":322,"column":27},"skip":true},"83":{"start":{"line":324,"column":8},"end":{"line":324,"column":14},"skip":true}},"branchMap":{"1":{"line":39,"type":"binary-expr","locations":[{"start":{"line":39,"column":23},"end":{"line":39,"column":62}},{"start":{"line":40,"column":20},"end":{"line":40,"column":70}},{"start":{"line":41,"column":20},"end":{"line":41,"column":71}},{"start":{"line":42,"column":20},"end":{"line":42,"column":29}}]},"2":{"line":44,"type":"binary-expr","locations":[{"start":{"line":44,"column":23},"end":{"line":44,"column":37}},{"start":{"line":45,"column":20},"end":{"line":45,"column":61}},{"start":{"line":46,"column":20},"end":{"line":46,"column":70}},{"start":{"line":47,"column":20},"end":{"line":47,"column":26}}]},"3":{"line":51,"type":"cond-expr","locations":[{"start":{"line":52,"column":14},"end":{"line":52,"column":20}},{"start":{"line":53,"column":14},"end":{"line":53,"column":20}}]},"4":{"line":55,"type":"binary-expr","locations":[{"start":{"line":55,"column":16},"end":{"line":55,"column":44}},{"start":{"line":55,"column":49},"end":{"line":57,"column":43}}]},"5":{"line":55,"type":"cond-expr","locations":[{"start":{"line":56,"column":14},"end":{"line":56,"column":57}},{"start":{"line":57,"column":14},"end":{"line":57,"column":43}}]},"6":{"line":61,"type":"switch","locations":[{"start":{"line":68,"column":4},"end":{"line":150,"column":14},"skip":true},{"start":{"line":156,"column":4},"end":{"line":324,"column":14},"skip":true}]},"7":{"line":70,"type":"if","locations":[{"start":{"line":70,"column":12},"end":{"line":70,"column":12},"skip":true},{"start":{"line":70,"column":12},"end":{"line":70,"column":12},"skip":true}]},"8":{"line":70,"type":"binary-expr","locations":[{"start":{"line":70,"column":16},"end":{"line":70,"column":22},"skip":true},{"start":{"line":70,"column":27},"end":{"line":70,"column":32},"skip":true},{"start":{"line":71,"column":20},"end":{"line":71,"column":39},"skip":true},{"start":{"line":72,"column":20},"end":{"line":72,"column":49},"skip":true},{"start":{"line":73,"column":20},"end":{"line":73,"column":58},"skip":true},{"start":{"line":74,"column":20},"end":{"line":74,"column":69},"skip":true}]},"9":{"line":79,"type":"switch","locations":[{"start":{"line":80,"column":20},"end":{"line":80,"column":33},"skip":true},{"start":{"line":81,"column":20},"end":{"line":83,"column":30},"skip":true},{"start":{"line":84,"column":20},"end":{"line":85,"column":49},"skip":true}]},"10":{"line":89,"type":"switch","locations":[{"start":{"line":90,"column":12},"end":{"line":103,"column":22},"skip":true},{"start":{"line":105,"column":12},"end":{"line":106,"column":22},"skip":true}]},"11":{"line":89,"type":"binary-expr","locations":[{"start":{"line":89,"column":20},"end":{"line":89,"column":25},"skip":true},{"start":{"line":89,"column":29},"end":{"line":89,"column":48},"skip":true},{"start":{"line":89,"column":52},"end":{"line":89,"column":74},"skip":true}]},"12":{"line":92,"type":"if","locations":[{"start":{"line":92,"column":16},"end":{"line":92,"column":16},"skip":true},{"start":{"line":92,"column":16},"end":{"line":92,"column":16},"skip":true}]},"13":{"line":108,"type":"if","locations":[{"start":{"line":108,"column":12},"end":{"line":108,"column":12},"skip":true},{"start":{"line":108,"column":12},"end":{"line":108,"column":12},"skip":true}]},"14":{"line":108,"type":"binary-expr","locations":[{"start":{"line":108,"column":16},"end":{"line":108,"column":61},"skip":true},{"start":{"line":108,"column":66},"end":{"line":108,"column":72},"skip":true},{"start":{"line":108,"column":77},"end":{"line":108,"column":82},"skip":true},{"start":{"line":109,"column":20},"end":{"line":109,"column":39},"skip":true},{"start":{"line":110,"column":20},"end":{"line":110,"column":49},"skip":true},{"start":{"line":111,"column":20},"end":{"line":111,"column":58},"skip":true},{"start":{"line":112,"column":20},"end":{"line":112,"column":68},"skip":true}]},"15":{"line":129,"type":"if","locations":[{"start":{"line":129,"column":16},"end":{"line":129,"column":16},"skip":true},{"start":{"line":129,"column":16},"end":{"line":129,"column":16},"skip":true}]},"16":{"line":134,"type":"cond-expr","locations":[{"start":{"line":135,"column":26},"end":{"line":135,"column":29},"skip":true},{"start":{"line":136,"column":26},"end":{"line":136,"column":54},"skip":true}]},"17":{"line":164,"type":"binary-expr","locations":[{"start":{"line":164,"column":27},"end":{"line":164,"column":43},"skip":true},{"start":{"line":164,"column":47},"end":{"line":164,"column":49},"skip":true}]},"18":{"line":258,"type":"if","locations":[{"start":{"line":258,"column":8},"end":{"line":258,"column":8},"skip":true},{"start":{"line":258,"column":8},"end":{"line":258,"column":8},"skip":true}]},"19":{"line":275,"type":"switch","locations":[{"start":{"line":276,"column":20},"end":{"line":277,"column":64},"skip":true},{"start":{"line":278,"column":20},"end":{"line":279,"column":40},"skip":true},{"start":{"line":280,"column":20},"end":{"line":281,"column":40},"skip":true},{"start":{"line":282,"column":20},"end":{"line":283,"column":39},"skip":true}]},"20":{"line":288,"type":"if","locations":[{"start":{"line":288,"column":8},"end":{"line":288,"column":8},"skip":true},{"start":{"line":288,"column":8},"end":{"line":288,"column":8},"skip":true}]},"21":{"line":288,"type":"binary-expr","locations":[{"start":{"line":288,"column":12},"end":{"line":288,"column":40},"skip":true},{"start":{"line":288,"column":44},"end":{"line":288,"column":67},"skip":true}]},"22":{"line":292,"type":"binary-expr","locations":[{"start":{"line":292,"column":12},"end":{"line":292,"column":50},"skip":true},{"start":{"line":293,"column":12},"end":{"line":293,"column":53},"skip":true}]},"23":{"line":297,"type":"binary-expr","locations":[{"start":{"line":297,"column":12},"end":{"line":297,"column":71},"skip":true},{"start":{"line":298,"column":12},"end":{"line":301,"column":36},"skip":true}]},"24":{"line":303,"type":"binary-expr","locations":[{"start":{"line":303,"column":43},"end":{"line":303,"column":75},"skip":true},{"start":{"line":303,"column":79},"end":{"line":303,"column":81},"skip":true}]},"25":{"line":306,"type":"if","locations":[{"start":{"line":306,"column":8},"end":{"line":306,"column":8},"skip":true},{"start":{"line":306,"column":8},"end":{"line":306,"column":8},"skip":true}]},"26":{"line":310,"type":"if","locations":[{"start":{"line":310,"column":8},"end":{"line":310,"column":8},"skip":true},{"start":{"line":310,"column":8},"end":{"line":310,"column":8},"skip":true}]},"27":{"line":313,"type":"binary-expr","locations":[{"start":{"line":313,"column":27},"end":{"line":313,"column":43},"skip":true},{"start":{"line":313,"column":47},"end":{"line":313,"column":53},"skip":true}]},"28":{"line":317,"type":"if","locations":[{"start":{"line":317,"column":12},"end":{"line":317,"column":12},"skip":true},{"start":{"line":317,"column":12},"end":{"line":317,"column":12},"skip":true}]}},"code":["/*","example.js","","quickstart example","","instruction","    1. save this script as example.js","    2. run the shell command:","        $ npm install npmtest-sequelize-cli && PORT=8081 node example.js","    3. play with the browser-demo on http://127.0.0.1:8081","*/","","","","/* istanbul instrument in package npmtest_sequelize_cli */","/*jslint","    bitwise: true,","    browser: true,","    maxerr: 8,","    maxlen: 96,","    node: true,","    nomen: true,","    regexp: true,","    stupid: true","*/","(function () {","    'use strict';","    var local;","","","","    // run shared js-env code - init-before","    (function () {","        // init local","        local = {};","        // init modeJs","        local.modeJs = (function () {","            try {","                return typeof navigator.userAgent === 'string' &&","                    typeof document.querySelector('body') === 'object' &&","                    typeof XMLHttpRequest.prototype.open === 'function' &&","                    'browser';","            } catch (errorCaughtBrowser) {","                return module.exports &&","                    typeof process.versions.node === 'string' &&","                    typeof require('http').createServer === 'function' &&","                    'node';","            }","        }());","        // init global","        local.global = local.modeJs === 'browser'","            ? window","            : global;","        // init utility2_rollup","        local = local.global.utility2_rollup || (local.modeJs === 'browser'","            ? local.global.utility2_npmtest_sequelize_cli","            : global.utility2_moduleExports);","        // export local","        local.global.local = local;","    }());","    switch (local.modeJs) {","","","","    // init-after","    // run browser js-env code - init-after","    /* istanbul ignore next */","    case 'browser':","        local.testRunBrowser = function (event) {","            if (!event || (event &&","                    event.currentTarget &&","                    event.currentTarget.className &&","                    event.currentTarget.className.includes &&","                    event.currentTarget.className.includes('onreset'))) {","                // reset output","                Array.from(","                    document.querySelectorAll('body > .resettable')","                ).forEach(function (element) {","                    switch (element.tagName) {","                    case 'INPUT':","                    case 'TEXTAREA':","                        element.value = '';","                        break;","                    default:","                        element.textContent = '';","                    }","                });","            }","            switch (event && event.currentTarget && event.currentTarget.id) {","            case 'testRunButton1':","                // show tests","                if (document.querySelector('#testReportDiv1').style.display === 'none') {","                    document.querySelector('#testReportDiv1').style.display = 'block';","                    document.querySelector('#testRunButton1').textContent =","                        'hide internal test';","                    local.modeTest = true;","                    local.testRunDefault(local);","                // hide tests","                } else {","                    document.querySelector('#testReportDiv1').style.display = 'none';","                    document.querySelector('#testRunButton1').textContent = 'run internal test';","                }","                break;","            // custom-case","            default:","                break;","            }","            if (document.querySelector('#inputTextareaEval1') && (!event || (event &&","                    event.currentTarget &&","                    event.currentTarget.className &&","                    event.currentTarget.className.includes &&","                    event.currentTarget.className.includes('oneval')))) {","                // try to eval input-code","                try {","                    /*jslint evil: true*/","                    eval(document.querySelector('#inputTextareaEval1').value);","                } catch (errorCaught) {","                    console.error(errorCaught);","                }","            }","        };","        // log stderr and stdout to #outputTextareaStdout1","        ['error', 'log'].forEach(function (key) {","            console[key + '_original'] = console[key];","            console[key] = function () {","                var element;","                console[key + '_original'].apply(console, arguments);","                element = document.querySelector('#outputTextareaStdout1');","                if (!element) {","                    return;","                }","                // append text to #outputTextareaStdout1","                element.value += Array.from(arguments).map(function (arg) {","                    return typeof arg === 'string'","                        ? arg","                        : JSON.stringify(arg, null, 4);","                }).join(' ') + '\\n';","                // scroll textarea to bottom","                element.scrollTop = element.scrollHeight;","            };","        });","        // init event-handling","        ['change', 'click', 'keyup'].forEach(function (event) {","            Array.from(document.querySelectorAll('.on' + event)).forEach(function (element) {","                element.addEventListener(event, local.testRunBrowser);","            });","        });","        // run tests","        local.testRunBrowser();","        break;","","","","    // run node js-env code - init-after","    /* istanbul ignore next */","    case 'node':","        // export local","        module.exports = local;","        // require modules","        local.fs = require('fs');","        local.http = require('http');","        local.url = require('url');","        // init assets","        local.assetsDict = local.assetsDict || {};","        /* jslint-ignore-begin */","        local.assetsDict['/assets.index.template.html'] = '\\","<!doctype html>\\n\\","<html lang=\"en\">\\n\\","<head>\\n\\","<meta charset=\"UTF-8\">\\n\\","<meta name=\"viewport\" content=\"width=device-width, initial-scale=1\">\\n\\","<title>{{env.npm_package_name}} (v{{env.npm_package_version}})</title>\\n\\","<style>\\n\\","/*csslint\\n\\","    box-sizing: false,\\n\\","    universal-selector: false\\n\\","*/\\n\\","* {\\n\\","    box-sizing: border-box;\\n\\","}\\n\\","body {\\n\\","    background: #dde;\\n\\","    font-family: Arial, Helvetica, sans-serif;\\n\\","    margin: 2rem;\\n\\","}\\n\\","body > * {\\n\\","    margin-bottom: 1rem;\\n\\","}\\n\\",".utility2FooterDiv {\\n\\","    margin-top: 20px;\\n\\","    text-align: center;\\n\\","}\\n\\","</style>\\n\\","<style>\\n\\","/*csslint\\n\\","*/\\n\\","textarea {\\n\\","    font-family: monospace;\\n\\","    height: 10rem;\\n\\","    width: 100%;\\n\\","}\\n\\","textarea[readonly] {\\n\\","    background: #ddd;\\n\\","}\\n\\","</style>\\n\\","</head>\\n\\","<body>\\n\\","<!-- utility2-comment\\n\\","<div id=\"ajaxProgressDiv1\" style=\"background: #d00; height: 2px; left: 0; margin: 0; padding: 0; position: fixed; top: 0; transition: background 0.5s, width 1.5s; width: 25%;\"></div>\\n\\","utility2-comment -->\\n\\","<h1>\\n\\","<!-- utility2-comment\\n\\","    <a\\n\\","        {{#if env.npm_package_homepage}}\\n\\","        href=\"{{env.npm_package_homepage}}\"\\n\\","        {{/if env.npm_package_homepage}}\\n\\","        target=\"_blank\"\\n\\","    >\\n\\","utility2-comment -->\\n\\","        {{env.npm_package_name}} (v{{env.npm_package_version}})\\n\\","<!-- utility2-comment\\n\\","    </a>\\n\\","utility2-comment -->\\n\\","</h1>\\n\\","<h3>{{env.npm_package_description}}</h3>\\n\\","<!-- utility2-comment\\n\\","<h4><a download href=\"assets.app.js\">download standalone app</a></h4>\\n\\","<button class=\"onclick onreset\" id=\"testRunButton1\">run internal test</button><br>\\n\\","<div id=\"testReportDiv1\" style=\"display: none;\"></div>\\n\\","utility2-comment -->\\n\\","\\n\\","\\n\\","\\n\\","<label>stderr and stdout</label>\\n\\","<textarea class=\"resettable\" id=\"outputTextareaStdout1\" readonly></textarea>\\n\\","<!-- utility2-comment\\n\\","{{#if isRollup}}\\n\\","<script src=\"assets.app.js\"></script>\\n\\","{{#unless isRollup}}\\n\\","utility2-comment -->\\n\\","<script src=\"assets.utility2.rollup.js\"></script>\\n\\","<script src=\"jsonp.utility2._stateInit?callback=window.utility2._stateInit\"></script>\\n\\","<script src=\"assets.npmtest_sequelize_cli.rollup.js\"></script>\\n\\","<script src=\"assets.example.js\"></script>\\n\\","<script src=\"assets.test.js\"></script>\\n\\","<!-- utility2-comment\\n\\","{{/if isRollup}}\\n\\","utility2-comment -->\\n\\","<div class=\"utility2FooterDiv\">\\n\\","    [ this app was created with\\n\\","    <a href=\"https://github.com/kaizhu256/node-utility2\" target=\"_blank\">utility2</a>\\n\\","    ]\\n\\","</div>\\n\\","</body>\\n\\","</html>\\n\\","';","        /* jslint-ignore-end */","        if (local.templateRender) {","            local.assetsDict['/'] = local.templateRender(","                local.assetsDict['/assets.index.template.html'],","                {","                    env: local.objectSetDefault(local.env, {","                        npm_package_description: 'the greatest app in the world!',","                        npm_package_name: 'my-app',","                        npm_package_nameAlias: 'my_app',","                        npm_package_version: '0.0.1'","                    })","                }","            );","        } else {","            local.assetsDict['/'] = local.assetsDict['/assets.index.template.html']","                .replace((/\\{\\{env\\.(\\w+?)\\}\\}/g), function (match0, match1) {","                    // jslint-hack","                    String(match0);","                    switch (match1) {","                    case 'npm_package_description':","                        return 'the greatest app in the world!';","                    case 'npm_package_name':","                        return 'my-app';","                    case 'npm_package_nameAlias':","                        return 'my_app';","                    case 'npm_package_version':","                        return '0.0.1';","                    }","                });","        }","        // run the cli","        if (local.global.utility2_rollup || module !== require.main) {","            break;","        }","        local.assetsDict['/assets.example.js'] =","            local.assetsDict['/assets.example.js'] ||","            local.fs.readFileSync(__filename, 'utf8');","        // bug-workaround - long $npm_package_buildCustomOrg","        /* jslint-ignore-begin */","        local.assetsDict['/assets.npmtest_sequelize_cli.rollup.js'] =","            local.assetsDict['/assets.npmtest_sequelize_cli.rollup.js'] ||","            local.fs.readFileSync(","                local.npmtest_sequelize_cli.__dirname + '/lib.npmtest_sequelize_cli.js',","                'utf8'","            ).replace((/^#!/), '//');","        /* jslint-ignore-end */","        local.assetsDict['/favicon.ico'] = local.assetsDict['/favicon.ico'] || '';","        // if $npm_config_timeout_exit exists,","        // then exit this process after $npm_config_timeout_exit ms","        if (Number(process.env.npm_config_timeout_exit)) {","            setTimeout(process.exit, Number(process.env.npm_config_timeout_exit));","        }","        // start server","        if (local.global.utility2_serverHttp1) {","            break;","        }","        process.env.PORT = process.env.PORT || '8081';","        console.error('server starting on port ' + process.env.PORT);","        local.http.createServer(function (request, response) {","            request.urlParsed = local.url.parse(request.url);","            if (local.assetsDict[request.urlParsed.pathname] !== undefined) {","                response.end(local.assetsDict[request.urlParsed.pathname]);","                return;","            }","            response.statusCode = 404;","            response.end();","        }).listen(process.env.PORT);","        break;","    }","}());",""],"l":{"26":2,"28":2,"33":2,"35":2,"37":2,"38":2,"39":2,"44":1,"51":2,"55":2,"59":2,"61":2,"69":1,"70":2,"76":2,"79":2,"82":2,"83":2,"85":1,"89":2,"92":1,"93":1,"94":1,"96":1,"97":1,"100":1,"101":1,"103":1,"106":1,"108":2,"114":1,"116":1,"118":1,"123":1,"124":2,"125":2,"126":3,"127":3,"128":3,"129":3,"130":1,"133":3,"134":3,"139":3,"143":1,"144":3,"145":1,"149":1,"150":1,"158":1,"160":1,"161":1,"162":1,"164":1,"166":1,"258":1,"259":1,"271":1,"274":6,"275":6,"277":1,"279":2,"281":1,"283":2,"288":1,"289":1,"291":1,"296":1,"303":1,"306":1,"307":1,"310":1,"311":1,"313":1,"314":1,"315":1,"316":1,"317":1,"318":1,"319":1,"321":1,"322":1,"324":1}},"/home/travis/build/npmtest/node-npmtest-sequelize-cli/node_modules/sequelize-cli/bin/sequelize":{"path":"/home/travis/build/npmtest/node-npmtest-sequelize-cli/node_modules/sequelize-cli/bin/sequelize","s":{"1":2,"2":2,"3":2,"4":2,"5":0,"6":0,"7":0,"8":0,"9":0,"10":0,"11":0,"12":0,"13":0,"14":0,"15":0,"16":0,"17":0,"18":0,"19":0,"20":0,"21":0,"22":0,"23":0,"24":0,"25":0,"26":0,"27":0,"28":0,"29":0,"30":0,"31":0,"32":0,"33":0,"34":0,"35":0,"36":0,"37":0,"38":0,"39":0,"40":0,"41":1,"42":0,"43":0,"44":0,"45":0,"46":0,"47":0,"48":0,"49":0},"b":{"1":[0,0],"2":[0,0],"3":[0,0],"4":[0,0],"5":[0,0],"6":[0,0],"7":[0,0],"8":[0,0],"9":[0,0],"10":[0,0],"11":[0,0]},"f":{"1":0,"2":0,"3":0,"4":0,"5":0,"6":0,"7":0,"8":0},"fnMap":{"1":{"name":"(anonymous_1)","line":18,"loc":{"start":{"line":18,"column":1},"end":{"line":18,"column":24}}},"2":{"name":"(anonymous_2)","line":31,"loc":{"start":{"line":31,"column":37},"end":{"line":31,"column":58}}},"3":{"name":"(anonymous_3)","line":35,"loc":{"start":{"line":35,"column":24},"end":{"line":35,"column":45}}},"4":{"name":"(anonymous_4)","line":58,"loc":{"start":{"line":58,"column":10},"end":{"line":58,"column":33}}},"5":{"name":"(anonymous_5)","line":69,"loc":{"start":{"line":69,"column":23},"end":{"line":69,"column":39}}},"6":{"name":"(anonymous_6)","line":77,"loc":{"start":{"line":77,"column":23},"end":{"line":77,"column":39}}},"7":{"name":"(anonymous_7)","line":81,"loc":{"start":{"line":81,"column":16},"end":{"line":81,"column":32}}},"8":{"name":"findGulpCliPath","line":85,"loc":{"start":{"line":85,"column":0},"end":{"line":85,"column":28}}}},"statementMap":{"1":{"start":{"line":5,"column":0},"end":{"line":5,"column":45}},"2":{"start":{"line":6,"column":0},"end":{"line":6,"column":30}},"3":{"start":{"line":7,"column":0},"end":{"line":7,"column":36}},"4":{"start":{"line":8,"column":0},"end":{"line":8,"column":31}},"5":{"start":{"line":9,"column":0},"end":{"line":9,"column":25}},"6":{"start":{"line":10,"column":0},"end":{"line":10,"column":32}},"7":{"start":{"line":11,"column":0},"end":{"line":11,"column":71}},"8":{"start":{"line":13,"column":0},"end":{"line":15,"column":1}},"9":{"start":{"line":14,"column":2},"end":{"line":14,"column":21}},"10":{"start":{"line":18,"column":0},"end":{"line":45,"column":27}},"11":{"start":{"line":19,"column":2},"end":{"line":19,"column":59}},"12":{"start":{"line":21,"column":2},"end":{"line":23,"column":3}},"13":{"start":{"line":22,"column":4},"end":{"line":22,"column":25}},"14":{"start":{"line":25,"column":2},"end":{"line":44,"column":3}},"15":{"start":{"line":26,"column":4},"end":{"line":26,"column":59}},"16":{"start":{"line":28,"column":4},"end":{"line":28,"column":43}},"17":{"start":{"line":29,"column":4},"end":{"line":29,"column":43}},"18":{"start":{"line":31,"column":4},"end":{"line":33,"column":7}},"19":{"start":{"line":32,"column":6},"end":{"line":32,"column":30}},"20":{"start":{"line":35,"column":4},"end":{"line":43,"column":7}},"21":{"start":{"line":36,"column":6},"end":{"line":36,"column":37}},"22":{"start":{"line":38,"column":6},"end":{"line":40,"column":7}},"23":{"start":{"line":39,"column":8},"end":{"line":39,"column":37}},"24":{"start":{"line":42,"column":6},"end":{"line":42,"column":45}},"25":{"start":{"line":47,"column":0},"end":{"line":50,"column":3}},"26":{"start":{"line":52,"column":0},"end":{"line":52,"column":32}},"27":{"start":{"line":55,"column":0},"end":{"line":63,"column":3}},"28":{"start":{"line":59,"column":2},"end":{"line":62,"column":3}},"29":{"start":{"line":60,"column":4},"end":{"line":60,"column":40}},"30":{"start":{"line":61,"column":4},"end":{"line":61,"column":30}},"31":{"start":{"line":65,"column":0},"end":{"line":65,"column":40}},"32":{"start":{"line":67,"column":0},"end":{"line":67,"column":22}},"33":{"start":{"line":69,"column":0},"end":{"line":75,"column":3}},"34":{"start":{"line":70,"column":2},"end":{"line":70,"column":39}},"35":{"start":{"line":72,"column":2},"end":{"line":74,"column":3}},"36":{"start":{"line":73,"column":4},"end":{"line":73,"column":24}},"37":{"start":{"line":77,"column":0},"end":{"line":79,"column":3}},"38":{"start":{"line":78,"column":2},"end":{"line":78,"column":29}},"39":{"start":{"line":81,"column":0},"end":{"line":83,"column":3}},"40":{"start":{"line":82,"column":2},"end":{"line":82,"column":21}},"41":{"start":{"line":85,"column":0},"end":{"line":101,"column":1}},"42":{"start":{"line":86,"column":2},"end":{"line":86,"column":85}},"43":{"start":{"line":88,"column":2},"end":{"line":90,"column":3}},"44":{"start":{"line":89,"column":4},"end":{"line":89,"column":81}},"45":{"start":{"line":92,"column":2},"end":{"line":94,"column":3}},"46":{"start":{"line":93,"column":4},"end":{"line":93,"column":70}},"47":{"start":{"line":96,"column":2},"end":{"line":98,"column":3}},"48":{"start":{"line":97,"column":4},"end":{"line":97,"column":56}},"49":{"start":{"line":100,"column":2},"end":{"line":100,"column":14}}},"branchMap":{"1":{"line":13,"type":"if","locations":[{"start":{"line":13,"column":0},"end":{"line":13,"column":0}},{"start":{"line":13,"column":0},"end":{"line":13,"column":0}}]},"2":{"line":13,"type":"binary-expr","locations":[{"start":{"line":13,"column":5},"end":{"line":13,"column":21}},{"start":{"line":13,"column":27},"end":{"line":13,"column":43}}]},"3":{"line":21,"type":"if","locations":[{"start":{"line":21,"column":2},"end":{"line":21,"column":2}},{"start":{"line":21,"column":2},"end":{"line":21,"column":2}}]},"4":{"line":21,"type":"binary-expr","locations":[{"start":{"line":21,"column":6},"end":{"line":21,"column":18}},{"start":{"line":21,"column":22},"end":{"line":21,"column":53}}]},"5":{"line":25,"type":"if","locations":[{"start":{"line":25,"column":2},"end":{"line":25,"column":2}},{"start":{"line":25,"column":2},"end":{"line":25,"column":2}}]},"6":{"line":38,"type":"if","locations":[{"start":{"line":38,"column":6},"end":{"line":38,"column":6}},{"start":{"line":38,"column":6},"end":{"line":38,"column":6}}]},"7":{"line":59,"type":"if","locations":[{"start":{"line":59,"column":2},"end":{"line":59,"column":2}},{"start":{"line":59,"column":2},"end":{"line":59,"column":2}}]},"8":{"line":72,"type":"if","locations":[{"start":{"line":72,"column":2},"end":{"line":72,"column":2}},{"start":{"line":72,"column":2},"end":{"line":72,"column":2}}]},"9":{"line":88,"type":"if","locations":[{"start":{"line":88,"column":2},"end":{"line":88,"column":2}},{"start":{"line":88,"column":2},"end":{"line":88,"column":2}}]},"10":{"line":92,"type":"if","locations":[{"start":{"line":92,"column":2},"end":{"line":92,"column":2}},{"start":{"line":92,"column":2},"end":{"line":92,"column":2}}]},"11":{"line":96,"type":"if","locations":[{"start":{"line":96,"column":2},"end":{"line":96,"column":2}},{"start":{"line":96,"column":2},"end":{"line":96,"column":2}}]}},"code":["//#!/usr/bin/env node","","'use strict';","","var spawn   = require('child_process').spawn;","var path    = require('path');","var args    = process.argv.slice(2);","var yargs   = require('yargs');","var argv    = yargs.argv;","var _       = require('lodash');","var helpers = require(path.resolve(__dirname, '..', 'lib', 'helpers'));","","if ((args[0] === '-v') || (args[0] === '-V')) {","  args = ['version'];","}","","// Let's load additional options from a file and add it to the gulp call","(function (optionsPath) {","  var rcFile = path.resolve(process.cwd(), '.sequelizerc');","","  if (!optionsPath && helpers.path.existsSync(rcFile)) {","    optionsPath = rcFile;","  }","","  if (optionsPath) {","    optionsPath = path.resolve(process.cwd(), optionsPath);","","    var options     = require(optionsPath);","    var optionsKeys = Object.keys(options);","","    optionsKeys = optionsKeys.filter(function (optionKey) {","      return !argv[optionKey];","    });","","    optionsKeys.forEach(function (optionKey) {","      var value = options[optionKey];","","      if (optionKey.indexOf('--') !== 0) {","        optionKey = '--' + optionKey;","      }","","      args = args.concat([optionKey, value]);","    });","  }","})(yargs.argv.optionsPath);","","args = args.concat([","  '--gulpfile', path.resolve(__dirname, '..', 'lib', 'gulpfile.js'),","  '--cwd', process.cwd()","]);","","args.unshift(findGulpCliPath());","","// Add harmony support","[ '--harmony-scoping', '--harmony-modules', '--harmony-proxies',","  '--harmony-generators', '--harmony-numeric-literals', '--harmony-strings',","  '--harmony-arrays', '--harmony-arrow-functions', '--harmony'","].forEach(function (harmonyFlag) {","  if (_.includes(args, harmonyFlag)) {","    args = _.without(args, harmonyFlag);","    args.unshift(harmonyFlag);","  }","});","","var call = spawn(process.argv[0], args);","","helpers.view.teaser();","","call.stdout.on('data', function (data) {","  var output = helpers.log.parse(data);","","  if (!!output) {","    console.log(output);","  }","});","","call.stderr.on('data', function (data) {","  process.stderr.write(data);","});","","call.on('exit', function (code) {","  process.exit(code);","});","","function findGulpCliPath () {","  var gulp = path.resolve(__dirname, '..', 'node_modules', 'gulp', 'bin', 'gulp.js');","","  if (!helpers.path.existsSync(gulp)) {","    gulp = path.resolve(process.cwd(), 'node_modules', 'gulp', 'bin', 'gulp.js');","  }","","  if (!helpers.path.existsSync(gulp)) {","    gulp = require.resolve('gulp').replace('index.js', 'bin/gulp.js');","  }","","  if (!helpers.path.existsSync(gulp)) {","    throw new Error('Unable to find the `gulp` binary');","  }","","  return gulp;","}",""],"l":{"5":2,"6":2,"7":2,"8":2,"9":0,"10":0,"11":0,"13":0,"14":0,"18":0,"19":0,"21":0,"22":0,"25":0,"26":0,"28":0,"29":0,"31":0,"32":0,"35":0,"36":0,"38":0,"39":0,"42":0,"47":0,"52":0,"55":0,"59":0,"60":0,"61":0,"65":0,"67":0,"69":0,"70":0,"72":0,"73":0,"77":0,"78":0,"81":0,"82":0,"85":1,"86":0,"88":0,"89":0,"92":0,"93":0,"96":0,"97":0,"100":0}},"/home/travis/build/npmtest/node-npmtest-sequelize-cli/node_modules/sequelize-cli/gulpfile.js":{"path":"/home/travis/build/npmtest/node-npmtest-sequelize-cli/node_modules/sequelize-cli/gulpfile.js","s":{"1":2,"2":0,"3":0,"4":0,"5":0,"6":0,"7":0,"8":0,"9":0,"10":0,"11":0,"12":0,"13":0,"14":0,"15":0,"16":0,"17":0,"18":0},"b":{},"f":{"1":0,"2":0,"3":0,"4":0,"5":0,"6":0},"fnMap":{"1":{"name":"(anonymous_1)","line":11,"loc":{"start":{"line":11,"column":21},"end":{"line":11,"column":37}}},"2":{"name":"(anonymous_2)","line":15,"loc":{"start":{"line":15,"column":18},"end":{"line":15,"column":34}}},"3":{"name":"(anonymous_3)","line":19,"loc":{"start":{"line":19,"column":18},"end":{"line":19,"column":34}}},"4":{"name":"(anonymous_4)","line":23,"loc":{"start":{"line":23,"column":23},"end":{"line":23,"column":35}}},"5":{"name":"(anonymous_5)","line":40,"loc":{"start":{"line":40,"column":23},"end":{"line":40,"column":35}}},"6":{"name":"(anonymous_6)","line":44,"loc":{"start":{"line":44,"column":30},"end":{"line":44,"column":42}}}},"statementMap":{"1":{"start":{"line":3,"column":0},"end":{"line":3,"column":40}},"2":{"start":{"line":4,"column":0},"end":{"line":4,"column":34}},"3":{"start":{"line":5,"column":0},"end":{"line":5,"column":39}},"4":{"start":{"line":6,"column":0},"end":{"line":6,"column":41}},"5":{"start":{"line":7,"column":0},"end":{"line":7,"column":40}},"6":{"start":{"line":8,"column":0},"end":{"line":8,"column":34}},"7":{"start":{"line":9,"column":0},"end":{"line":9,"column":42}},"8":{"start":{"line":11,"column":0},"end":{"line":13,"column":3}},"9":{"start":{"line":12,"column":2},"end":{"line":12,"column":36}},"10":{"start":{"line":15,"column":0},"end":{"line":17,"column":3}},"11":{"start":{"line":16,"column":2},"end":{"line":16,"column":53}},"12":{"start":{"line":19,"column":0},"end":{"line":21,"column":3}},"13":{"start":{"line":20,"column":2},"end":{"line":20,"column":33}},"14":{"start":{"line":23,"column":0},"end":{"line":38,"column":3}},"15":{"start":{"line":24,"column":2},"end":{"line":37,"column":35}},"16":{"start":{"line":40,"column":0},"end":{"line":42,"column":3}},"17":{"start":{"line":44,"column":0},"end":{"line":53,"column":3}},"18":{"start":{"line":45,"column":2},"end":{"line":52,"column":8}}},"branchMap":{},"code":["'use strict';","","var args        = require('yargs').argv;","var gulp        = require('gulp');","var jscs        = require('gulp-jscs');","var jshint      = require('gulp-jshint');","var mocha       = require('gulp-mocha');","var path        = require('path');","var runSequence = require('run-sequence');","","gulp.task('default', function (done) {","  runSequence('lint', 'test', done);","});","","gulp.task('test', function (done) {","  runSequence('test-unit', 'test-integration', done);","});","","gulp.task('lint', function (done) {","  runSequence('lint-code', done);","});","","gulp.task('lint-code', function () {","  return gulp","    .src([","      './gulpfile.js',","      './index.js',","      './bin/**/*',","      './lib/**/*.js',","      '!./lib/assets/**/*.js',","      './test/**/*.js',","      '!./test/support/tmp/**/*.js'","    ])","    .pipe(jscs())","    .pipe(jshint())","    .pipe(jshint.reporter('default'))","    .pipe(jshint.reporter('fail'));","});","","gulp.task('test-unit', function () {","  // TODO","});","","gulp.task('test-integration', function () {","  gulp","    .src(path.resolve(__dirname, 'test', '**', '*.test.js'), { read: false })","    .pipe(mocha({","      reporter:    'spec',","      ignoreLeaks: true,","      timeout:     30000,","      grep:        args.grep","    }));","});",""],"l":{"3":2,"4":0,"5":0,"6":0,"7":0,"8":0,"9":0,"11":0,"12":0,"15":0,"16":0,"19":0,"20":0,"23":0,"24":0,"40":0,"44":0,"45":0}},"/home/travis/build/npmtest/node-npmtest-sequelize-cli/node_modules/sequelize-cli/lib/gulpfile.js":{"path":"/home/travis/build/npmtest/node-npmtest-sequelize-cli/node_modules/sequelize-cli/lib/gulpfile.js","s":{"1":2,"2":2,"3":2,"4":2,"5":0,"6":0,"7":0,"8":0,"9":0,"10":0,"11":0},"b":{},"f":{"1":0,"2":0,"3":0,"4":0},"fnMap":{"1":{"name":"(anonymous_1)","line":15,"loc":{"start":{"line":15,"column":10},"end":{"line":15,"column":26}}},"2":{"name":"(anonymous_2)","line":18,"loc":{"start":{"line":18,"column":7},"end":{"line":18,"column":23}}},"3":{"name":"(anonymous_3)","line":21,"loc":{"start":{"line":21,"column":11},"end":{"line":21,"column":28}}},"4":{"name":"(anonymous_4)","line":22,"loc":{"start":{"line":22,"column":31},"end":{"line":22,"column":51}}}},"statementMap":{"1":{"start":{"line":3,"column":0},"end":{"line":3,"column":30}},"2":{"start":{"line":4,"column":0},"end":{"line":4,"column":30}},"3":{"start":{"line":5,"column":0},"end":{"line":5,"column":28}},"4":{"start":{"line":6,"column":0},"end":{"line":6,"column":58}},"5":{"start":{"line":8,"column":0},"end":{"line":11,"column":3}},"6":{"start":{"line":13,"column":0},"end":{"line":26,"column":5}},"7":{"start":{"line":16,"column":4},"end":{"line":16,"column":37}},"8":{"start":{"line":19,"column":4},"end":{"line":19,"column":59}},"9":{"start":{"line":22,"column":4},"end":{"line":25,"column":7}},"10":{"start":{"line":23,"column":6},"end":{"line":23,"column":60}},"11":{"start":{"line":24,"column":6},"end":{"line":24,"column":60}}},"branchMap":{},"code":["'use strict';","","var gulp    = require('gulp');","var path    = require('path');","var fs      = require('fs');","var helpers = require(path.resolve(__dirname, 'helpers'));","","require('gulp-help')(gulp, {","  aliases: ['h'],","  afterPrintCallback: helpers.gulp.printManuals","});","","fs","  .readdirSync(path.resolve(__dirname, 'tasks'))","  .filter(function (file) {","    return (file.indexOf('.') !== 0);","  })","  .map(function (file) {","    return require(path.resolve(__dirname, 'tasks', file));","  })","  .forEach(function (tasks) {","    Object.keys(tasks).forEach(function (taskName) {","      helpers.gulp.addTask(gulp, taskName, tasks[taskName]);","      helpers.gulp.addHelp(gulp, taskName, tasks[taskName]);","    });","  });",""],"l":{"3":2,"4":2,"5":2,"6":2,"8":0,"13":0,"16":0,"19":0,"22":0,"23":0,"24":0}},"/home/travis/build/npmtest/node-npmtest-sequelize-cli/node_modules/sequelize-cli/lib/helpers/index.js":{"path":"/home/travis/build/npmtest/node-npmtest-sequelize-cli/node_modules/sequelize-cli/lib/helpers/index.js","s":{"1":30,"2":30,"3":30,"4":30,"5":420,"6":60},"b":{"1":[420,420]},"f":{"1":420,"2":60},"fnMap":{"1":{"name":"(anonymous_1)","line":10,"loc":{"start":{"line":10,"column":10},"end":{"line":10,"column":26}}},"2":{"name":"(anonymous_2)","line":13,"loc":{"start":{"line":13,"column":11},"end":{"line":13,"column":27}}}},"statementMap":{"1":{"start":{"line":3,"column":0},"end":{"line":3,"column":27}},"2":{"start":{"line":4,"column":0},"end":{"line":4,"column":25}},"3":{"start":{"line":6,"column":0},"end":{"line":6,"column":20}},"4":{"start":{"line":8,"column":0},"end":{"line":15,"column":5}},"5":{"start":{"line":11,"column":4},"end":{"line":11,"column":74}},"6":{"start":{"line":14,"column":4},"end":{"line":14,"column":92}}},"branchMap":{"1":{"line":11,"type":"binary-expr","locations":[{"start":{"line":11,"column":12},"end":{"line":11,"column":35}},{"start":{"line":11,"column":41},"end":{"line":11,"column":72}}]}},"code":["'use strict';","","var path = require('path');","var fs   = require('fs');","","module.exports = {};","","fs","  .readdirSync(__dirname)","  .filter(function (file) {","    return (file.indexOf('.') !== 0) && (file.indexOf('index.js') === -1);","  })","  .forEach(function (file) {","    module.exports[file.replace('-helper.js', '')] = require(path.resolve(__dirname, file));","  });",""],"l":{"3":30,"4":30,"6":30,"8":30,"11":420,"14":60}},"/home/travis/build/npmtest/node-npmtest-sequelize-cli/node_modules/sequelize-cli/lib/helpers/asset-helper.js":{"path":"/home/travis/build/npmtest/node-npmtest-sequelize-cli/node_modules/sequelize-cli/lib/helpers/asset-helper.js","s":{"1":1,"2":1,"3":1,"4":0,"5":0,"6":0,"7":0,"8":0,"9":0},"b":{},"f":{"1":0,"2":0,"3":0,"4":0,"5":0},"fnMap":{"1":{"name":"(anonymous_1)","line":7,"loc":{"start":{"line":7,"column":8},"end":{"line":7,"column":28}}},"2":{"name":"(anonymous_2)","line":11,"loc":{"start":{"line":11,"column":8},"end":{"line":11,"column":29}}},"3":{"name":"(anonymous_3)","line":15,"loc":{"start":{"line":15,"column":9},"end":{"line":15,"column":40}}},"4":{"name":"(anonymous_4)","line":19,"loc":{"start":{"line":19,"column":10},"end":{"line":19,"column":46}}},"5":{"name":"(anonymous_5)","line":25,"loc":{"start":{"line":25,"column":24},"end":{"line":25,"column":56}}}},"statementMap":{"1":{"start":{"line":3,"column":0},"end":{"line":3,"column":31}},"2":{"start":{"line":4,"column":0},"end":{"line":4,"column":27}},"3":{"start":{"line":6,"column":0},"end":{"line":28,"column":2}},"4":{"start":{"line":8,"column":4},"end":{"line":8,"column":67}},"5":{"start":{"line":12,"column":4},"end":{"line":12,"column":90}},"6":{"start":{"line":16,"column":4},"end":{"line":16,"column":42}},"7":{"start":{"line":20,"column":4},"end":{"line":20,"column":59}},"8":{"start":{"line":22,"column":4},"end":{"line":22,"column":68}},"9":{"start":{"line":26,"column":4},"end":{"line":26,"column":57}}},"branchMap":{},"code":["'use strict';","","var fs   = require('fs-extra');","var path = require('path');","","module.exports = {","  copy: function (from, to) {","    fs.copySync(path.resolve(__dirname, '..', 'assets', from), to);","  },","","  read: function (assetPath) {","    return fs.readFileSync(path.resolve(__dirname, '..', 'assets', assetPath)).toString();","  },","","  write: function (targetPath, content) {","    fs.writeFileSync(targetPath, content);","  },","","  inject: function (filePath, token, content) {","    var fileContent = fs.readFileSync(filePath).toString();","","    fs.writeFileSync(filePath, fileContent.replace(token, content));","  },","","  injectConfigFilePath: function (filePath, configPath) {","    this.inject(filePath, '__CONFIG_FILE__', configPath);","  }","};",""],"l":{"3":1,"4":1,"6":1,"8":0,"12":0,"16":0,"20":0,"22":0,"26":0}},"/home/travis/build/npmtest/node-npmtest-sequelize-cli/node_modules/sequelize-cli/lib/helpers/config-helper.js":{"path":"/home/travis/build/npmtest/node-npmtest-sequelize-cli/node_modules/sequelize-cli/lib/helpers/config-helper.js","s":{"1":32,"2":0,"3":0,"4":0,"5":0,"6":0,"7":0,"8":0,"9":0,"10":0,"11":0,"12":0,"13":0,"14":0,"15":0,"16":0,"17":0,"18":0,"19":0,"20":0,"21":0,"22":0,"23":0,"24":0,"25":0,"26":0,"27":0,"28":0,"29":0,"30":0,"31":0,"32":0,"33":0,"34":0,"35":0,"36":0,"37":0,"38":0,"39":0,"40":0,"41":0,"42":0,"43":0,"44":0,"45":0,"46":0,"47":0,"48":0,"49":0,"50":0,"51":0,"52":0,"53":0,"54":0,"55":0,"56":0,"57":0,"58":0,"59":0,"60":0,"61":0,"62":0,"63":0,"64":0,"65":0,"66":0,"67":0,"68":0,"69":0,"70":0,"71":0,"72":0,"73":0,"74":0,"75":0,"76":0},"b":{"1":[0,0],"2":[0,0],"3":[0,0],"4":[0,0],"5":[0,0],"6":[0,0],"7":[0,0],"8":[0,0],"9":[0,0],"10":[0,0],"11":[0,0],"12":[0,0],"13":[0,0],"14":[0,0],"15":[0,0],"16":[0,0],"17":[0,0],"18":[0,0],"19":[0,0],"20":[0,0],"21":[0,0]},"f":{"1":0,"2":0,"3":0,"4":0,"5":0,"6":0,"7":0,"8":0,"9":0,"10":0,"11":0,"12":0,"13":0,"14":0,"15":0},"fnMap":{"1":{"name":"(anonymous_1)","line":15,"loc":{"start":{"line":15,"column":8},"end":{"line":15,"column":20}}},"2":{"name":"(anonymous_2)","line":17,"loc":{"start":{"line":17,"column":12},"end":{"line":17,"column":24}}},"3":{"name":"(anonymous_3)","line":31,"loc":{"start":{"line":31,"column":12},"end":{"line":31,"column":30}}},"4":{"name":"(anonymous_4)","line":40,"loc":{"start":{"line":40,"column":12},"end":{"line":40,"column":30}}},"5":{"name":"(anonymous_5)","line":43,"loc":{"start":{"line":43,"column":12},"end":{"line":43,"column":24}}},"6":{"name":"(anonymous_6)","line":48,"loc":{"start":{"line":48,"column":17},"end":{"line":48,"column":29}}},"7":{"name":"(anonymous_7)","line":59,"loc":{"start":{"line":59,"column":22},"end":{"line":59,"column":34}}},"8":{"name":"(anonymous_8)","line":63,"loc":{"start":{"line":63,"column":20},"end":{"line":63,"column":32}}},"9":{"name":"(anonymous_9)","line":67,"loc":{"start":{"line":67,"column":20},"end":{"line":67,"column":32}}},"10":{"name":"(anonymous_10)","line":93,"loc":{"start":{"line":93,"column":22},"end":{"line":93,"column":34}}},"11":{"name":"(anonymous_11)","line":103,"loc":{"start":{"line":103,"column":14},"end":{"line":103,"column":26}}},"12":{"name":"(anonymous_12)","line":149,"loc":{"start":{"line":149,"column":15},"end":{"line":149,"column":38}}},"13":{"name":"(anonymous_13)","line":155,"loc":{"start":{"line":155,"column":18},"end":{"line":155,"column":37}}},"14":{"name":"(anonymous_14)","line":175,"loc":{"start":{"line":175,"column":25},"end":{"line":175,"column":46}}},"15":{"name":"(anonymous_15)","line":198,"loc":{"start":{"line":198,"column":14},"end":{"line":198,"column":35}}}},"statementMap":{"1":{"start":{"line":3,"column":0},"end":{"line":3,"column":37}},"2":{"start":{"line":4,"column":0},"end":{"line":4,"column":35}},"3":{"start":{"line":5,"column":0},"end":{"line":5,"column":31}},"4":{"start":{"line":6,"column":0},"end":{"line":6,"column":29}},"5":{"start":{"line":7,"column":0},"end":{"line":7,"column":34}},"6":{"start":{"line":8,"column":0},"end":{"line":8,"column":30}},"7":{"start":{"line":9,"column":0},"end":{"line":9,"column":33}},"8":{"start":{"line":11,"column":0},"end":{"line":213,"column":2}},"9":{"start":{"line":16,"column":4},"end":{"line":46,"column":9}},"10":{"start":{"line":18,"column":8},"end":{"line":18,"column":19}},"11":{"start":{"line":20,"column":8},"end":{"line":28,"column":9}},"12":{"start":{"line":21,"column":10},"end":{"line":21,"column":44}},"13":{"start":{"line":23,"column":10},"end":{"line":27,"column":11}},"14":{"start":{"line":24,"column":12},"end":{"line":24,"column":50}},"15":{"start":{"line":26,"column":12},"end":{"line":26,"column":26}},"16":{"start":{"line":29,"column":8},"end":{"line":29,"column":22}},"17":{"start":{"line":32,"column":8},"end":{"line":38,"column":9}},"18":{"start":{"line":33,"column":10},"end":{"line":33,"column":24}},"19":{"start":{"line":34,"column":15},"end":{"line":38,"column":9}},"20":{"start":{"line":35,"column":10},"end":{"line":35,"column":46}},"21":{"start":{"line":37,"column":10},"end":{"line":37,"column":26}},"22":{"start":{"line":41,"column":8},"end":{"line":41,"column":31}},"23":{"start":{"line":45,"column":8},"end":{"line":45,"column":19}},"24":{"start":{"line":49,"column":4},"end":{"line":51,"column":5}},"25":{"start":{"line":50,"column":6},"end":{"line":50,"column":54}},"26":{"start":{"line":53,"column":4},"end":{"line":53,"column":75}},"27":{"start":{"line":54,"column":4},"end":{"line":54,"column":62}},"28":{"start":{"line":56,"column":4},"end":{"line":56,"column":84}},"29":{"start":{"line":60,"column":4},"end":{"line":60,"column":61}},"30":{"start":{"line":64,"column":4},"end":{"line":64,"column":56}},"31":{"start":{"line":68,"column":4},"end":{"line":90,"column":28}},"32":{"start":{"line":94,"column":4},"end":{"line":94,"column":55}},"33":{"start":{"line":96,"column":4},"end":{"line":98,"column":5}},"34":{"start":{"line":97,"column":6},"end":{"line":97,"column":31}},"35":{"start":{"line":100,"column":4},"end":{"line":100,"column":66}},"36":{"start":{"line":104,"column":4},"end":{"line":145,"column":5}},"37":{"start":{"line":105,"column":6},"end":{"line":105,"column":49}},"38":{"start":{"line":107,"column":6},"end":{"line":113,"column":7}},"39":{"start":{"line":108,"column":8},"end":{"line":112,"column":10}},"40":{"start":{"line":115,"column":6},"end":{"line":120,"column":7}},"41":{"start":{"line":116,"column":8},"end":{"line":119,"column":10}},"42":{"start":{"line":122,"column":6},"end":{"line":126,"column":7}},"43":{"start":{"line":123,"column":8},"end":{"line":123,"column":78}},"44":{"start":{"line":125,"column":8},"end":{"line":125,"column":85}},"45":{"start":{"line":128,"column":6},"end":{"line":137,"column":7}},"46":{"start":{"line":129,"column":8},"end":{"line":129,"column":56}},"47":{"start":{"line":132,"column":8},"end":{"line":134,"column":9}},"48":{"start":{"line":133,"column":10},"end":{"line":133,"column":46}},"49":{"start":{"line":136,"column":8},"end":{"line":136,"column":43}},"50":{"start":{"line":140,"column":6},"end":{"line":142,"column":7}},"51":{"start":{"line":141,"column":8},"end":{"line":141,"column":82}},"52":{"start":{"line":144,"column":6},"end":{"line":144,"column":33}},"53":{"start":{"line":146,"column":4},"end":{"line":146,"column":22}},"54":{"start":{"line":150,"column":4},"end":{"line":150,"column":66}},"55":{"start":{"line":152,"column":4},"end":{"line":152,"column":42}},"56":{"start":{"line":156,"column":4},"end":{"line":156,"column":22}},"57":{"start":{"line":158,"column":4},"end":{"line":160,"column":22}},"58":{"start":{"line":162,"column":4},"end":{"line":170,"column":5}},"59":{"start":{"line":163,"column":6},"end":{"line":163,"column":32}},"60":{"start":{"line":165,"column":6},"end":{"line":169,"column":7}},"61":{"start":{"line":166,"column":8},"end":{"line":166,"column":20}},"62":{"start":{"line":168,"column":8},"end":{"line":168,"column":16}},"63":{"start":{"line":172,"column":4},"end":{"line":172,"column":40}},"64":{"start":{"line":176,"column":4},"end":{"line":195,"column":5}},"65":{"start":{"line":177,"column":6},"end":{"line":177,"column":42}},"66":{"start":{"line":178,"column":6},"end":{"line":183,"column":8}},"67":{"start":{"line":185,"column":6},"end":{"line":190,"column":7}},"68":{"start":{"line":186,"column":8},"end":{"line":189,"column":11}},"69":{"start":{"line":192,"column":6},"end":{"line":192,"column":20}},"70":{"start":{"line":194,"column":6},"end":{"line":194,"column":57}},"71":{"start":{"line":199,"column":4},"end":{"line":199,"column":54}},"72":{"start":{"line":201,"column":4},"end":{"line":203,"column":7}},"73":{"start":{"line":205,"column":4},"end":{"line":209,"column":5}},"74":{"start":{"line":206,"column":6},"end":{"line":208,"column":9}},"75":{"start":{"line":211,"column":4},"end":{"line":211,"column":18}},"76":{"start":{"line":215,"column":0},"end":{"line":215,"column":21}}},"branchMap":{"1":{"line":20,"type":"if","locations":[{"start":{"line":20,"column":8},"end":{"line":20,"column":8}},{"start":{"line":20,"column":8},"end":{"line":20,"column":8}}]},"2":{"line":32,"type":"if","locations":[{"start":{"line":32,"column":8},"end":{"line":32,"column":8}},{"start":{"line":32,"column":8},"end":{"line":32,"column":8}}]},"3":{"line":32,"type":"binary-expr","locations":[{"start":{"line":32,"column":12},"end":{"line":32,"column":38}},{"start":{"line":32,"column":42},"end":{"line":32,"column":62}}]},"4":{"line":34,"type":"if","locations":[{"start":{"line":34,"column":15},"end":{"line":34,"column":15}},{"start":{"line":34,"column":15},"end":{"line":34,"column":15}}]},"5":{"line":49,"type":"if","locations":[{"start":{"line":49,"column":4},"end":{"line":49,"column":4}},{"start":{"line":49,"column":4},"end":{"line":49,"column":4}}]},"6":{"line":56,"type":"cond-expr","locations":[{"start":{"line":56,"column":54},"end":{"line":56,"column":69}},{"start":{"line":56,"column":72},"end":{"line":56,"column":83}}]},"7":{"line":96,"type":"if","locations":[{"start":{"line":96,"column":4},"end":{"line":96,"column":4}},{"start":{"line":96,"column":4},"end":{"line":96,"column":4}}]},"8":{"line":104,"type":"if","locations":[{"start":{"line":104,"column":4},"end":{"line":104,"column":4}},{"start":{"line":104,"column":4},"end":{"line":104,"column":4}}]},"9":{"line":107,"type":"if","locations":[{"start":{"line":107,"column":6},"end":{"line":107,"column":6}},{"start":{"line":107,"column":6},"end":{"line":107,"column":6}}]},"10":{"line":115,"type":"if","locations":[{"start":{"line":115,"column":6},"end":{"line":115,"column":6}},{"start":{"line":115,"column":6},"end":{"line":115,"column":6}}]},"11":{"line":122,"type":"if","locations":[{"start":{"line":122,"column":6},"end":{"line":122,"column":6}},{"start":{"line":122,"column":6},"end":{"line":122,"column":6}}]},"12":{"line":128,"type":"if","locations":[{"start":{"line":128,"column":6}
[...]
:8},"end":{"line":27,"column":10}},"9":{"start":{"line":29,"column":8},"end":{"line":34,"column":11}},"10":{"start":{"line":30,"column":10},"end":{"line":33,"column":23}},"11":{"start":{"line":36,"column":8},"end":{"line":40,"column":11}},"12":{"start":{"line":42,"column":8},"end":{"line":42,"column":22}},"13":{"start":{"line":67,"column":6},"end":{"line":73,"column":7}},"14":{"start":{"line":68,"column":8},"end":{"line":68,"column":44}},"15":{"start":{"line":69,"column":8},"end":{"line":69,"column":77}},"16":{"start":{"line":71,"column":8},"end":{"line":71,"column":82}},"17":{"start":{"line":72,"column":8},"end":{"line":72,"column":24}},"18":{"start":{"line":83,"column":6},"end":{"line":83,"column":52}},"19":{"start":{"line":84,"column":6},"end":{"line":84,"column":55}},"20":{"start":{"line":94,"column":6},"end":{"line":94,"column":56}},"21":{"start":{"line":104,"column":6},"end":{"line":104,"column":53}}},"branchMap":{"1":{"line":67,"type":"if","locations":[{"start":{"line":67,"column":6},"end":{"line":67,"column":6}},{"start":{"line":67,"column":6},"end":{"line":67,"column":6}}]},"2":{"line":67,"type":"binary-expr","locations":[{"start":{"line":67,"column":10},"end":{"line":67,"column":44}},{"start":{"line":67,"column":48},"end":{"line":67,"column":60}}]}},"code":["'use strict';","","var path    = require('path');","var helpers = require(path.resolve(__dirname, '..', 'helpers'));","var args    = require('yargs').argv;","var clc     = require('cli-color');","var _       = require('lodash');","","module.exports = {","  'init': {","    descriptions: {","      'short': 'Initializes the project.',","      'long': (function () {","        var result = [","          'The command will initialize the current directory.',","          'In detail this means, that you will find the following items afterwards:',","          ''","        ];","","        var items = {","          'config': 'A folder that contains the config files.',","          'config/config.json': 'A file that contains the configuration for the ORM.',","          'migrations': 'A folder that contains the migration files.',","          'seeders': 'A folder that contains the seed files.',","          'models': 'A folder that contains the model files.',","          'models/index.js': 'A file that can be required to load all the models.'","        };","","        _.forEach(items, function (value, key) {","          result.push([","            clc.blueBright(helpers.view.pad(key, items)),","            value","          ].join(' '));","        });","","        result = result.concat([","          '',","          'Most of the files and folders can be changed to fit custom folder structures.',","          'Check the options for further information.'","        ]);","","        return result;","      })(),","","      options: {","        '--force': 'Will drop the existing config folder and re-create it. ' +","          clc.blueBright('Default: false')","      }","    },","","    dependencies: [","      'init:config',","      'init:migrations',","      'init:seeders',","      'init:models'","    ],","","    task: function () {}","  },","","  'init:config': {","    descriptions: {","      'short': 'Initializes the configuration.'","    },","","    task: function () {","      if (!helpers.config.configFileExists() || !!args.force) {","        helpers.config.writeDefaultConfig();","        console.log('Created \"' + helpers.config.relativeConfigFile() + '\"');","      } else {","        helpers.init.notifyAboutExistingFile(helpers.config.relativeConfigFile());","        process.exit(1);","      }","    }","  },","","  'init:models': {","    descriptions: {","      'short': 'Initializes the models.'","    },","","    task: function () {","      helpers.init.createModelsFolder(!!args.force);","      helpers.init.createModelsIndexFile(!!args.force);","    }","  },","","  'init:migrations': {","    descriptions: {","      'short': 'Initializes the migrations.'","    },","","    task: function () {","      helpers.init.createMigrationsFolder(!!args.force);","    }","  },","","  'init:seeders': {","    descriptions: {","      'short': 'Initializes the seeders.'","    },","","    task: function () {","      helpers.init.createSeedersFolder(!!args.force);","    }","  }","};",""],"l":{"3":2,"4":2,"5":0,"6":0,"7":0,"9":0,"14":0,"20":0,"29":0,"30":0,"36":0,"42":0,"67":0,"68":0,"69":0,"71":0,"72":0,"83":0,"84":0,"94":0,"104":0}},"/home/travis/build/npmtest/node-npmtest-sequelize-cli/node_modules/sequelize-cli/lib/tasks/migration.js":{"path":"/home/travis/build/npmtest/node-npmtest-sequelize-cli/node_modules/sequelize-cli/lib/tasks/migration.js","s":{"1":2,"2":2,"3":0,"4":0,"5":0,"6":0,"7":0,"8":0,"9":0,"10":0,"11":0,"12":0,"13":0,"14":0},"b":{},"f":{"1":0},"fnMap":{"1":{"name":"(anonymous_1)","line":22,"loc":{"start":{"line":22,"column":10},"end":{"line":22,"column":22}}}},"statementMap":{"1":{"start":{"line":3,"column":0},"end":{"line":3,"column":32}},"2":{"start":{"line":4,"column":0},"end":{"line":4,"column":66}},"3":{"start":{"line":5,"column":0},"end":{"line":5,"column":38}},"4":{"start":{"line":6,"column":0},"end":{"line":6,"column":30}},"5":{"start":{"line":7,"column":0},"end":{"line":7,"column":37}},"6":{"start":{"line":9,"column":0},"end":{"line":48,"column":2}},"7":{"start":{"line":23,"column":6},"end":{"line":23,"column":26}},"8":{"start":{"line":25,"column":6},"end":{"line":25,"column":44}},"9":{"start":{"line":27,"column":6},"end":{"line":32,"column":7}},"10":{"start":{"line":28,"column":8},"end":{"line":28,"column":45}},"11":{"start":{"line":30,"column":8},"end":{"line":30,"column":31}},"12":{"start":{"line":31,"column":8},"end":{"line":31,"column":24}},"13":{"start":{"line":34,"column":6},"end":{"line":39,"column":8}},"14":{"start":{"line":41,"column":6},"end":{"line":45,"column":8}}},"branchMap":{},"code":["'use strict';","","var path      = require('path');","var helpers   = require(path.resolve(__dirname, '..', 'helpers'));","var args      = require('yargs').argv;","var fs        = require('fs');","var clc       = require('cli-color');","","module.exports = {","  'migration:create': {","    descriptions: {","      'short': 'Generates a new migration file.',","      options: {","        '--name': 'Defines the name of the migration. ' +","          clc.blueBright('Default: unnamed-migration'),","        '--underscored': 'Use snake case for the timestamp\\'s attribute names'","      }","    },","","    aliases: [ 'migration:generate' ],","","    task: function () {","      var config   = null;","","      helpers.init.createMigrationsFolder();","","      try {","        config = helpers.config.readConfig();","      } catch (e) {","        console.log(e.message);","        process.exit(1);","      }","","      fs.writeFileSync(","        helpers.path.getMigrationPath(args.name),","        helpers.template.render('migrations/skeleton.js', {}, {","          beautify: false","        })","      );","","      helpers.view.log(","        'New migration was created at',","        clc.blueBright(helpers.path.getMigrationPath(args.name)),","        '.'","      );","    }","  }","};",""],"l":{"3":2,"4":2,"5":0,"6":0,"7":0,"9":0,"23":0,"25":0,"27":0,"28":0,"30":0,"31":0,"34":0,"41":0}},"/home/travis/build/npmtest/node-npmtest-sequelize-cli/node_modules/sequelize-cli/lib/tasks/model.js":{"path":"/home/travis/build/npmtest/node-npmtest-sequelize-cli/node_modules/sequelize-cli/lib/tasks/model.js","s":{"1":2,"2":2,"3":0,"4":0,"5":0,"6":0,"7":0,"8":0,"9":0,"10":0,"11":0,"12":0,"13":0,"14":0,"15":0,"16":0,"17":0,"18":0,"19":0,"20":0,"21":0,"22":0,"23":0,"24":0,"25":0,"26":0,"27":0,"28":0,"29":0,"30":0,"31":0},"b":{"1":[0,0],"2":[0,0],"3":[0,0],"4":[0,0],"5":[0,0],"6":[0,0]},"f":{"1":0,"2":0,"3":0,"4":0,"5":0,"6":0,"7":0,"8":0},"fnMap":{"1":{"name":"(anonymous_1)","line":15,"loc":{"start":{"line":15,"column":14},"end":{"line":15,"column":26}}},"2":{"name":"ensureAttributesFlag","line":74,"loc":{"start":{"line":74,"column":6},"end":{"line":74,"column":39}}},"3":{"name":"ensureNameFlag","line":85,"loc":{"start":{"line":85,"column":6},"end":{"line":85,"column":33}}},"4":{"name":"ensureModelsFolder","line":95,"loc":{"start":{"line":95,"column":6},"end":{"line":95,"column":37}}},"5":{"name":"ensureMigrationsFolder","line":106,"loc":{"start":{"line":106,"column":6},"end":{"line":106,"column":41}}},"6":{"name":"checkModelFileExistence","line":117,"loc":{"start":{"line":117,"column":6},"end":{"line":117,"column":42}}},"7":{"name":"(anonymous_7)","line":127,"loc":{"start":{"line":127,"column":10},"end":{"line":127,"column":22}}},"8":{"name":"(anonymous_8)","line":128,"loc":{"start":{"line":128,"column":29},"end":{"line":128,"column":49}}}},"statementMap":{"1":{"start":{"line":3,"column":0},"end":{"line":3,"column":30}},"2":{"start":{"line":4,"column":0},"end":{"line":4,"column":64}},"3":{"start":{"line":5,"column":0},"end":{"line":5,"column":36}},"4":{"start":{"line":6,"column":0},"end":{"line":6,"column":35}},"5":{"start":{"line":8,"column":0},"end":{"line":136,"column":2}},"6":{"start":{"line":16,"column":8},"end":{"line":20,"column":10}},"7":{"start":{"line":22,"column":8},"end":{"line":40,"column":10}},"8":{"start":{"line":42,"column":8},"end":{"line":47,"column":10}},"9":{"start":{"line":49,"column":8},"end":{"line":53,"column":11}},"10":{"start":{"line":55,"column":8},"end":{"line":61,"column":10}},"11":{"start":{"line":63,"column":8},"end":{"line":63,"column":22}},"12":{"start":{"line":75,"column":8},"end":{"line":82,"column":9}},"13":{"start":{"line":76,"column":10},"end":{"line":80,"column":12}},"14":{"start":{"line":81,"column":10},"end":{"line":81,"column":26}},"15":{"start":{"line":86,"column":8},"end":{"line":92,"column":9}},"16":{"start":{"line":87,"column":10},"end":{"line":90,"column":12}},"17":{"start":{"line":91,"column":10},"end":{"line":91,"column":26}},"18":{"start":{"line":96,"column":8},"end":{"line":103,"column":9}},"19":{"start":{"line":97,"column":10},"end":{"line":101,"column":12}},"20":{"start":{"line":102,"column":10},"end":{"line":102,"column":26}},"21":{"start":{"line":107,"column":8},"end":{"line":114,"column":9}},"22":{"start":{"line":108,"column":10},"end":{"line":112,"column":12}},"23":{"start":{"line":113,"column":10},"end":{"line":113,"column":26}},"24":{"start":{"line":118,"column":8},"end":{"line":118,"column":61}},"25":{"start":{"line":120,"column":8},"end":{"line":123,"column":9}},"26":{"start":{"line":121,"column":10},"end":{"line":121,"column":59}},"27":{"start":{"line":122,"column":10},"end":{"line":122,"column":26}},"28":{"start":{"line":128,"column":6},"end":{"line":130,"column":9}},"29":{"start":{"line":129,"column":8},"end":{"line":129,"column":19}},"30":{"start":{"line":132,"column":6},"end":{"line":132,"column":39}},"31":{"start":{"line":133,"column":6},"end":{"line":133,"column":56}}},"branchMap":{"1":{"line":75,"type":"if","locations":[{"start":{"line":75,"column":8},"end":{"line":75,"column":8}},{"start":{"line":75,"column":8},"end":{"line":75,"column":8}}]},"2":{"line":86,"type":"if","locations":[{"start":{"line":86,"column":8},"end":{"line":86,"column":8}},{"start":{"line":86,"column":8},"end":{"line":86,"column":8}}]},"3":{"line":96,"type":"if","locations":[{"start":{"line":96,"column":8},"end":{"line":96,"column":8}},{"start":{"line":96,"column":8},"end":{"line":96,"column":8}}]},"4":{"line":107,"type":"if","locations":[{"start":{"line":107,"column":8},"end":{"line":107,"column":8}},{"start":{"line":107,"column":8},"end":{"line":107,"column":8}}]},"5":{"line":120,"type":"if","locations":[{"start":{"line":120,"column":8},"end":{"line":120,"column":8}},{"start":{"line":120,"column":8},"end":{"line":120,"column":8}}]},"6":{"line":120,"type":"binary-expr","locations":[{"start":{"line":120,"column":12},"end":{"line":120,"column":23}},{"start":{"line":120,"column":27},"end":{"line":120,"column":67}}]}},"code":["'use strict';","","var path    = require('path');","var helpers = require(path.resolve(__dirname, '..', 'helpers'));","var args    = require('yargs').argv;","var clc     = require('cli-color');","","module.exports = {","  'model:create': {","    aliases: [ 'model:generate' ],","","    descriptions: {","      'short': 'Generates a model and its migration.',","","      'long': function () {","        var migrationFileName = helpers.path.getFileName(","          'migration',","          helpers.migration.generateMigrationName({ name: 'User' }),","          { ignoreConfig: true }","        );","","        var result = [","          'This task generates a model file and its respective migration.',","          'It is necessary to specify the name of the new model as well as',","          'the model\\'s attributes.',","          '',","          'The attributes can be specified as in the following (and semantically equal) examples:',","          '',","          'sequelize model:create --name User --attributes ' +","            'first_name:string,last_name:string,bio:text',","          'sequelize model:create --name User --attributes ' +","            '\\'first_name:string last_name:string bio:text\\'',","          'sequelize model:create --name User --attributes ' +","            '\\'first_name:string, last_name:string, bio:text\\'',","          '',","          'This command will generate a new migration and model definition:',","          '',","          '// the model file',","          '// located under models/user.js'","        ];","","        result = result.concat(","          helpers.model.generateFileContent({","            name: 'User',","            attributes: 'first_name:string,last_name:string,bio:text'","          }).split('\\n')","        );","","        result = result.concat([","          '',","          '// the migration file',","          '// located under migrations/' + migrationFileName","        ]);","","        result = result.concat(","          helpers.migration.generateTableCreationFileContent({","            name: 'User',","            attributes: 'first_name:string,last_name:string,bio:text',","            underscored: args.underscored","          }).split('\\n')","        );","","        return result;","      },","","      options: {","        '--name': 'The name of the new model.',","        '--attributes': 'A list of attributes.',","        '--underscored': 'Set timestamps to snake_case'","      }","    },","","    preChecks: [","      function ensureAttributesFlag () {","        if (!args.attributes) {","          helpers.view.error(","            'Unspecified flag ' +","            clc.blueBright('\"attributes\"') +","            '. Check the manual for further details.'","          );","          process.exit(1);","        }","      },","","      function ensureNameFlag () {","        if (!args.name) {","          helpers.view.error(","            'Unspecified flag ' + clc.blueBright('\"name\"') +","            '. Check the manual for further details.'","          );","          process.exit(1);","        }","      },","","      function ensureModelsFolder () {","        if (!helpers.path.existsSync(helpers.path.getModelsPath())) {","          helpers.view.error(","            'Unable to find models path (' +","            helpers.path.getModelsPath() +","            '). Did you run ' + clc.blueBright('sequelize init') + '?'","          );","          process.exit(1);","        }","      },","","      function ensureMigrationsFolder () {","        if (!helpers.path.existsSync(helpers.path.getPath('migration'))) {","          helpers.view.error(","            'Unable to find migrations path (' +","            helpers.path.getPath('migration') +","            '). Did you run ' + clc.blueBright('sequelize init') + '?'","          );","          process.exit(1);","        }","      },","","      function checkModelFileExistence () {","        var modelPath = helpers.path.getModelPath(args.name);","","        if (!args.force && helpers.model.modelFileExists(modelPath)) {","          helpers.model.notifyAboutExistingFile(modelPath);","          process.exit(1);","        }","      }","    ],","","    task: function () {","      this.preChecks.forEach(function (preCheck) {","        preCheck();","      });","","      helpers.model.generateFile(args);","      helpers.migration.generateTableCreationFile(args);","    }","  }","};",""],"l":{"3":2,"4":2,"5":0,"6":0,"8":0,"16":0,"22":0,"42":0,"49":0,"55":0,"63":0,"75":0,"76":0,"81":0,"86":0,"87":0,"91":0,"96":0,"97":0,"102":0,"107":0,"108":0,"113":0,"118":0,"120":0,"121":0,"122":0,"128":0,"129":0,"132":0,"133":0}},"/home/travis/build/npmtest/node-npmtest-sequelize-cli/node_modules/sequelize-cli/lib/tasks/seed.js":{"path":"/home/travis/build/npmtest/node-npmtest-sequelize-cli/node_modules/sequelize-cli/lib/tasks/seed.js","s":{"1":2,"2":2,"3":0,"4":0,"5":0,"6":0,"7":0,"8":0,"9":0,"10":0,"11":0,"12":0,"13":0,"14":0},"b":{},"f":{"1":0},"fnMap":{"1":{"name":"(anonymous_1)","line":21,"loc":{"start":{"line":21,"column":10},"end":{"line":21,"column":22}}}},"statementMap":{"1":{"start":{"line":3,"column":0},"end":{"line":3,"column":32}},"2":{"start":{"line":4,"column":0},"end":{"line":4,"column":66}},"3":{"start":{"line":5,"column":0},"end":{"line":5,"column":38}},"4":{"start":{"line":6,"column":0},"end":{"line":6,"column":30}},"5":{"start":{"line":7,"column":0},"end":{"line":7,"column":37}},"6":{"start":{"line":9,"column":0},"end":{"line":47,"column":2}},"7":{"start":{"line":22,"column":6},"end":{"line":22,"column":26}},"8":{"start":{"line":24,"column":6},"end":{"line":24,"column":41}},"9":{"start":{"line":26,"column":6},"end":{"line":31,"column":7}},"10":{"start":{"line":27,"column":8},"end":{"line":27,"column":45}},"11":{"start":{"line":29,"column":8},"end":{"line":29,"column":31}},"12":{"start":{"line":30,"column":8},"end":{"line":30,"column":24}},"13":{"start":{"line":33,"column":6},"end":{"line":38,"column":8}},"14":{"start":{"line":40,"column":6},"end":{"line":44,"column":8}}},"branchMap":{},"code":["'use strict';","","var path      = require('path');","var helpers   = require(path.resolve(__dirname, '..', 'helpers'));","var args      = require('yargs').argv;","var fs        = require('fs');","var clc       = require('cli-color');","","module.exports = {","  'seed:create': {","    descriptions: {","      'short': 'Generates a new seed file.',","      options: {","        '--name': 'Defines the name of the seed. ' +","          clc.blueBright('Default: unnamed-seed')","      }","    },","","    aliases: [ 'seed:generate' ],","","    task: function () {","      var config   = null;","","      helpers.init.createSeedersFolder();","","      try {","        config = helpers.config.readConfig();","      } catch (e) {","        console.log(e.message);","        process.exit(1);","      }","","      fs.writeFileSync(","        helpers.path.getSeederPath(args.name),","        helpers.template.render('seeders/skeleton.js', {}, {","          beautify: false","        })","      );","","      helpers.view.log(","        'New seed was created at',","        clc.blueBright(helpers.path.getSeederPath(args.name)),","        '.'","      );","    }","  }","};",""],"l":{"3":2,"4":2,"5":0,"6":0,"7":0,"9":0,"22":0,"24":0,"26":0,"27":0,"29":0,"30":0,"33":0,"40":0}},"/home/travis/build/npmtest/node-npmtest-sequelize-cli/node_modules/sequelize-cli/lib/tasks/version.js":{"path":"/home/travis/build/npmtest/node-npmtest-sequelize-cli/node_modules/sequelize-cli/lib/tasks/version.js","s":{"1":1},"b":{},"f":{"1":0},"fnMap":{"1":{"name":"(anonymous_1)","line":12,"loc":{"start":{"line":12,"column":10},"end":{"line":12,"column":22}}}},"statementMap":{"1":{"start":{"line":3,"column":0},"end":{"line":15,"column":2}}},"branchMap":{},"code":["'use strict';","","module.exports = {","  'version': {","    descriptions: {","      'short': 'Prints the version number.',","      'long': [ 'Prints the version number.' ]","    },","","    aliases: [ 'v' ],","","    task: function () {","    }","  }","};",""],"l":{"3":1}}}